@!@!@STARTMSG 2262:0 @!@!@
TLC2 Version 2.15 of Day Month 20?? (rev: eb3ff99)
@!@!@ENDMSG 2262 @!@!@
@!@!@STARTMSG 2187:0 @!@!@
Running breadth-first search Model-Checking with fp 126 and seed -6003456116668987664 with 4 workers on 8 cores with 1168MB heap and 2626MB offheap memory [pid: 16493] (Linux 5.3.0-51-generic amd64, AdoptOpenJDK 14.0.1 x86_64, OffHeapDiskFPSet, DiskStateQueue).
@!@!@ENDMSG 2187 @!@!@
@!@!@STARTMSG 2220:0 @!@!@
Starting SANY...
@!@!@ENDMSG 2220 @!@!@
Parsing file /storage/Documents/TLA/bubble_sort.toolbox/check/MC.tla
Parsing file /storage/Documents/TLA/bubble_sort.toolbox/check/bubble_sort.tla
!! WARNING: Either the PlusCal or its TLA+ translation has changed in the specification for bubble_sort since the last time translation was performed.
Parsing file /storage/Documents/TLA/toolbox/plugins/org.lamport.tlatools_1.0.0.202004251858/tla2sany/StandardModules/TLC.tla
Parsing file /storage/Documents/TLA/toolbox/plugins/org.lamport.tlatools_1.0.0.202004251858/tla2sany/StandardModules/Naturals.tla
Parsing file /storage/Documents/TLA/toolbox/plugins/org.lamport.tlatools_1.0.0.202004251858/tla2sany/StandardModules/Integers.tla
Parsing file /storage/Documents/TLA/toolbox/plugins/org.lamport.tlatools_1.0.0.202004251858/tla2sany/StandardModules/FiniteSets.tla
Parsing file /storage/Documents/TLA/toolbox/plugins/org.lamport.tlatools_1.0.0.202004251858/tla2sany/StandardModules/Sequences.tla
Semantic processing of module Naturals
Semantic processing of module Sequences
Semantic processing of module FiniteSets
Semantic processing of module TLC
Semantic processing of module Integers
Semantic processing of module bubble_sort
Semantic processing of module MC
@!@!@STARTMSG 2219:0 @!@!@
SANY finished.
@!@!@ENDMSG 2219 @!@!@
@!@!@STARTMSG 2185:0 @!@!@
Starting... (2020-04-29 21:10:27)
@!@!@ENDMSG 2185 @!@!@
@!@!@STARTMSG 2189:0 @!@!@
Computing initial states...
@!@!@ENDMSG 2189 @!@!@
@!@!@STARTMSG 2190:0 @!@!@
Finished computing initial states: 1 distinct state generated at 2020-04-29 21:10:29.
@!@!@ENDMSG 2190 @!@!@
@!@!@STARTMSG 2110:1 @!@!@
Invariant InvOk is violated.
@!@!@ENDMSG 2110 @!@!@
@!@!@STARTMSG 2121:1 @!@!@
The behavior up to this point is:
@!@!@ENDMSG 2121 @!@!@
@!@!@STARTMSG 2217:4 @!@!@
1: <Initial predicate>
/\ c = 1
/\ d = 1
/\ pc = "l0"
/\ swap = 1
/\ tab_out = (0 :> 0 @@ 1 :> 0 @@ 2 :> 0 @@ 3 :> 0)

@!@!@ENDMSG 2217 @!@!@
@!@!@STARTMSG 2217:4 @!@!@
2: <l0 line 73, col 7 to line 77, col 41 of module bubble_sort>
/\ c = 0
/\ d = 1
/\ pc = "l1"
/\ swap = 1
/\ tab_out = (0 :> 0 @@ 1 :> 0 @@ 2 :> 0 @@ 3 :> 0)

@!@!@ENDMSG 2217 @!@!@
@!@!@STARTMSG 2217:4 @!@!@
3: <l1 line 79, col 7 to line 82, col 44 of module bubble_sort>
/\ c = 0
/\ d = 1
/\ pc = "ul1"
/\ swap = 1
/\ tab_out = (0 :> 0 @@ 1 :> 0 @@ 2 :> 0 @@ 3 :> 0)

@!@!@ENDMSG 2217 @!@!@
@!@!@STARTMSG 2217:4 @!@!@
4: <ul1 line 84, col 8 to line 88, col 45 of module bubble_sort>
/\ c = 0
/\ d = 1
/\ pc = "l2"
/\ swap = 1
/\ tab_out = (0 :> 0 @@ 1 :> 0 @@ 2 :> 0 @@ 3 :> 0)

@!@!@ENDMSG 2217 @!@!@
@!@!@STARTMSG 2217:4 @!@!@
5: <l2 line 90, col 7 to line 94, col 35 of module bubble_sort>
/\ c = 0
/\ d = 1
/\ pc = "l3"
/\ swap = 1
/\ tab_out = (0 :> 3 @@ 1 :> 0 @@ 2 :> 0 @@ 3 :> 0)

@!@!@ENDMSG 2217 @!@!@
@!@!@STARTMSG 2217:4 @!@!@
6: <l3 line 96, col 7 to line 100, col 41 of module bubble_sort>
/\ c = 1
/\ d = 1
/\ pc = "l4"
/\ swap = 1
/\ tab_out = (0 :> 3 @@ 1 :> 0 @@ 2 :> 0 @@ 3 :> 0)

@!@!@ENDMSG 2217 @!@!@
@!@!@STARTMSG 2217:4 @!@!@
7: <l4 line 102, col 7 to line 105, col 44 of module bubble_sort>
/\ c = 1
/\ d = 1
/\ pc = "ul1"
/\ swap = 1
/\ tab_out = (0 :> 3 @@ 1 :> 0 @@ 2 :> 0 @@ 3 :> 0)

@!@!@ENDMSG 2217 @!@!@
@!@!@STARTMSG 2217:4 @!@!@
8: <ul1 line 84, col 8 to line 88, col 45 of module bubble_sort>
/\ c = 1
/\ d = 1
/\ pc = "l2"
/\ swap = 1
/\ tab_out = (0 :> 3 @@ 1 :> 0 @@ 2 :> 0 @@ 3 :> 0)

@!@!@ENDMSG 2217 @!@!@
@!@!@STARTMSG 2217:4 @!@!@
9: <l2 line 90, col 7 to line 94, col 35 of module bubble_sort>
/\ c = 1
/\ d = 1
/\ pc = "l3"
/\ swap = 1
/\ tab_out = (0 :> 3 @@ 1 :> 1 @@ 2 :> 0 @@ 3 :> 0)

@!@!@ENDMSG 2217 @!@!@
@!@!@STARTMSG 2217:4 @!@!@
10: <l3 line 96, col 7 to line 100, col 41 of module bubble_sort>
/\ c = 2
/\ d = 1
/\ pc = "l4"
/\ swap = 1
/\ tab_out = (0 :> 3 @@ 1 :> 1 @@ 2 :> 0 @@ 3 :> 0)

@!@!@ENDMSG 2217 @!@!@
@!@!@STARTMSG 2217:4 @!@!@
11: <l4 line 102, col 7 to line 105, col 44 of module bubble_sort>
/\ c = 2
/\ d = 1
/\ pc = "ul1"
/\ swap = 1
/\ tab_out = (0 :> 3 @@ 1 :> 1 @@ 2 :> 0 @@ 3 :> 0)

@!@!@ENDMSG 2217 @!@!@
@!@!@STARTMSG 2217:4 @!@!@
12: <ul1 line 84, col 8 to line 88, col 45 of module bubble_sort>
/\ c = 2
/\ d = 1
/\ pc = "l2"
/\ swap = 1
/\ tab_out = (0 :> 3 @@ 1 :> 1 @@ 2 :> 0 @@ 3 :> 0)

@!@!@ENDMSG 2217 @!@!@
@!@!@STARTMSG 2217:4 @!@!@
13: <l2 line 90, col 7 to line 94, col 35 of module bubble_sort>
/\ c = 2
/\ d = 1
/\ pc = "l3"
/\ swap = 1
/\ tab_out = (0 :> 3 @@ 1 :> 1 @@ 2 :> 4 @@ 3 :> 0)

@!@!@ENDMSG 2217 @!@!@
@!@!@STARTMSG 2217:4 @!@!@
14: <l3 line 96, col 7 to line 100, col 41 of module bubble_sort>
/\ c = 3
/\ d = 1
/\ pc = "l4"
/\ swap = 1
/\ tab_out = (0 :> 3 @@ 1 :> 1 @@ 2 :> 4 @@ 3 :> 0)

@!@!@ENDMSG 2217 @!@!@
@!@!@STARTMSG 2217:4 @!@!@
15: <l4 line 102, col 7 to line 105, col 44 of module bubble_sort>
/\ c = 3
/\ d = 1
/\ pc = "ul1"
/\ swap = 1
/\ tab_out = (0 :> 3 @@ 1 :> 1 @@ 2 :> 4 @@ 3 :> 0)

@!@!@ENDMSG 2217 @!@!@
@!@!@STARTMSG 2217:4 @!@!@
16: <ul1 line 84, col 8 to line 88, col 45 of module bubble_sort>
/\ c = 3
/\ d = 1
/\ pc = "l2"
/\ swap = 1
/\ tab_out = (0 :> 3 @@ 1 :> 1 @@ 2 :> 4 @@ 3 :> 0)

@!@!@ENDMSG 2217 @!@!@
@!@!@STARTMSG 2217:4 @!@!@
17: <l2 line 90, col 7 to line 94, col 35 of module bubble_sort>
/\ c = 3
/\ d = 1
/\ pc = "l3"
/\ swap = 1
/\ tab_out = (0 :> 3 @@ 1 :> 1 @@ 2 :> 4 @@ 3 :> 2)

@!@!@ENDMSG 2217 @!@!@
@!@!@STARTMSG 2217:4 @!@!@
18: <l3 line 96, col 7 to line 100, col 41 of module bubble_sort>
/\ c = 4
/\ d = 1
/\ pc = "l4"
/\ swap = 1
/\ tab_out = (0 :> 3 @@ 1 :> 1 @@ 2 :> 4 @@ 3 :> 2)

@!@!@ENDMSG 2217 @!@!@
@!@!@STARTMSG 2217:4 @!@!@
19: <l4 line 102, col 7 to line 105, col 44 of module bubble_sort>
/\ c = 4
/\ d = 1
/\ pc = "ul1"
/\ swap = 1
/\ tab_out = (0 :> 3 @@ 1 :> 1 @@ 2 :> 4 @@ 3 :> 2)

@!@!@ENDMSG 2217 @!@!@
@!@!@STARTMSG 2217:4 @!@!@
20: <ul1 line 84, col 8 to line 88, col 45 of module bubble_sort>
/\ c = 4
/\ d = 1
/\ pc = "l5"
/\ swap = 1
/\ tab_out = (0 :> 3 @@ 1 :> 1 @@ 2 :> 4 @@ 3 :> 2)

@!@!@ENDMSG 2217 @!@!@
@!@!@STARTMSG 2217:4 @!@!@
21: <l5 line 107, col 7 to line 111, col 41 of module bubble_sort>
/\ c = 0
/\ d = 1
/\ pc = "l6"
/\ swap = 1
/\ tab_out = (0 :> 3 @@ 1 :> 1 @@ 2 :> 4 @@ 3 :> 2)

@!@!@ENDMSG 2217 @!@!@
@!@!@STARTMSG 2217:4 @!@!@
22: <l6 line 113, col 7 to line 116, col 44 of module bubble_sort>
/\ c = 0
/\ d = 1
/\ pc = "ul2"
/\ swap = 1
/\ tab_out = (0 :> 3 @@ 1 :> 1 @@ 2 :> 4 @@ 3 :> 2)

@!@!@ENDMSG 2217 @!@!@
@!@!@STARTMSG 2217:4 @!@!@
23: <ul2 line 118, col 8 to line 122, col 45 of module bubble_sort>
/\ c = 0
/\ d = 1
/\ pc = "l7"
/\ swap = 1
/\ tab_out = (0 :> 3 @@ 1 :> 1 @@ 2 :> 4 @@ 3 :> 2)

@!@!@ENDMSG 2217 @!@!@
@!@!@STARTMSG 2217:4 @!@!@
24: <l7 line 124, col 7 to line 128, col 41 of module bubble_sort>
/\ c = 0
/\ d = 0
/\ pc = "l8"
/\ swap = 1
/\ tab_out = (0 :> 3 @@ 1 :> 1 @@ 2 :> 4 @@ 3 :> 2)

@!@!@ENDMSG 2217 @!@!@
@!@!@STARTMSG 2217:4 @!@!@
25: <l8 line 130, col 7 to line 133, col 44 of module bubble_sort>
/\ c = 0
/\ d = 0
/\ pc = "ul3"
/\ swap = 1
/\ tab_out = (0 :> 3 @@ 1 :> 1 @@ 2 :> 4 @@ 3 :> 2)

@!@!@ENDMSG 2217 @!@!@
@!@!@STARTMSG 2217:4 @!@!@
26: <ul3 line 135, col 8 to line 139, col 45 of module bubble_sort>
/\ c = 0
/\ d = 0
/\ pc = "l9"
/\ swap = 1
/\ tab_out = (0 :> 3 @@ 1 :> 1 @@ 2 :> 4 @@ 3 :> 2)

@!@!@ENDMSG 2217 @!@!@
@!@!@STARTMSG 2217:4 @!@!@
27: <l9 line 141, col 7 to line 146, col 44 of module bubble_sort>
/\ c = 0
/\ d = 0
/\ pc = "l10"
/\ swap = 1
/\ tab_out = (0 :> 3 @@ 1 :> 1 @@ 2 :> 4 @@ 3 :> 2)

@!@!@ENDMSG 2217 @!@!@
@!@!@STARTMSG 2217:4 @!@!@
28: <l10 line 148, col 8 to line 152, col 39 of module bubble_sort>
/\ c = 0
/\ d = 0
/\ pc = "l11"
/\ swap = 3
/\ tab_out = (0 :> 3 @@ 1 :> 1 @@ 2 :> 4 @@ 3 :> 2)

@!@!@ENDMSG 2217 @!@!@
@!@!@STARTMSG 2217:4 @!@!@
29: <l11 line 154, col 8 to line 158, col 36 of module bubble_sort>
/\ c = 0
/\ d = 0
/\ pc = "l12"
/\ swap = 3
/\ tab_out = (0 :> 1 @@ 1 :> 1 @@ 2 :> 4 @@ 3 :> 2)

@!@!@ENDMSG 2217 @!@!@
@!@!@STARTMSG 2217:4 @!@!@
30: <l12 line 160, col 8 to line 164, col 36 of module bubble_sort>
/\ c = 0
/\ d = 0
/\ pc = "l13"
/\ swap = 3
/\ tab_out = (0 :> 1 @@ 1 :> 3 @@ 2 :> 4 @@ 3 :> 2)

@!@!@ENDMSG 2217 @!@!@
@!@!@STARTMSG 2201:0 @!@!@
The coverage statistics at 2020-04-29 21:10:29
@!@!@ENDMSG 2201 @!@!@
@!@!@STARTMSG 2773:0 @!@!@
<Init line 66, col 1 to line 66, col 4 of module bubble_sort>: 2:2
@!@!@ENDMSG 2773 @!@!@
@!@!@STARTMSG 2221:0 @!@!@
  line 67, col 9 to line 71, col 20 of module bubble_sort: 2
@!@!@ENDMSG 2221 @!@!@
@!@!@STARTMSG 2772:0 @!@!@
<l0 line 73, col 1 to line 73, col 2 of module bubble_sort>: 1:2
@!@!@ENDMSG 2772 @!@!@
@!@!@STARTMSG 2221:0 @!@!@
  line 73, col 10 to line 73, col 18 of module bubble_sort: 60
@!@!@ENDMSG 2221 @!@!@
@!@!@STARTMSG 2221:0 @!@!@
  |line 73, col 10 to line 73, col 11 of module bubble_sort: 58
@!@!@ENDMSG 2221 @!@!@
@!@!@STARTMSG 2221:0 @!@!@
  line 74, col 10 to line 74, col 13 of module bubble_sort: 2
@!@!@ENDMSG 2221 @!@!@
@!@!@STARTMSG 2221:0 @!@!@
  line 75, col 10 to line 75, col 15 of module bubble_sort: 2
@!@!@ENDMSG 2221 @!@!@
@!@!@STARTMSG 2221:0 @!@!@
  line 76, col 10 to line 76, col 19 of module bubble_sort: 2
@!@!@ENDMSG 2221 @!@!@
@!@!@STARTMSG 2221:0 @!@!@
  line 77, col 10 to line 77, col 41 of module bubble_sort: 2
@!@!@ENDMSG 2221 @!@!@
@!@!@STARTMSG 2772:0 @!@!@
<l1 line 79, col 1 to line 79, col 2 of module bubble_sort>: 1:2
@!@!@ENDMSG 2772 @!@!@
@!@!@STARTMSG 2221:0 @!@!@
  line 79, col 10 to line 79, col 18 of module bubble_sort: 59
@!@!@ENDMSG 2221 @!@!@
@!@!@STARTMSG 2221:0 @!@!@
  |line 79, col 10 to line 79, col 11 of module bubble_sort: 57
@!@!@ENDMSG 2221 @!@!@
@!@!@STARTMSG 2221:0 @!@!@
  line 80, col 10 to line 80, col 13 of module bubble_sort: 2
@!@!@ENDMSG 2221 @!@!@
@!@!@STARTMSG 2221:0 @!@!@
  line 81, col 10 to line 81, col 20 of module bubble_sort: 2
@!@!@ENDMSG 2221 @!@!@
@!@!@STARTMSG 2221:0 @!@!@
  line 82, col 10 to line 82, col 44 of module bubble_sort: 2
@!@!@ENDMSG 2221 @!@!@
@!@!@STARTMSG 2772:0 @!@!@
<ul1 line 84, col 1 to line 84, col 3 of module bubble_sort>: 5:10
@!@!@ENDMSG 2772 @!@!@
@!@!@STARTMSG 2221:0 @!@!@
  line 84, col 11 to line 84, col 20 of module bubble_sort: 66
@!@!@ENDMSG 2221 @!@!@
@!@!@STARTMSG 2221:0 @!@!@
  |line 84, col 11 to line 84, col 12 of module bubble_sort: 56
@!@!@ENDMSG 2221 @!@!@
@!@!@STARTMSG 2221:0 @!@!@
  line 85, col 14 to line 85, col 18 of module bubble_sort: 10
@!@!@ENDMSG 2221 @!@!@
@!@!@STARTMSG 2221:0 @!@!@
  line 86, col 19 to line 86, col 31 of module bubble_sort: 8
@!@!@ENDMSG 2221 @!@!@
@!@!@STARTMSG 2221:0 @!@!@
  line 87, col 19 to line 87, col 31 of module bubble_sort: 2
@!@!@ENDMSG 2221 @!@!@
@!@!@STARTMSG 2221:0 @!@!@
  line 88, col 11 to line 88, col 45 of module bubble_sort: 10
@!@!@ENDMSG 2221 @!@!@
@!@!@STARTMSG 2772:0 @!@!@
<l2 line 90, col 1 to line 90, col 2 of module bubble_sort>: 4:8
@!@!@ENDMSG 2772 @!@!@
@!@!@STARTMSG 2221:0 @!@!@
  line 90, col 10 to line 90, col 18 of module bubble_sort: 59
@!@!@ENDMSG 2221 @!@!@
@!@!@STARTMSG 2221:0 @!@!@
  |line 90, col 10 to line 90, col 11 of module bubble_sort: 51
@!@!@ENDMSG 2221 @!@!@
@!@!@STARTMSG 2221:0 @!@!@
  line 91, col 10 to line 91, col 13 of module bubble_sort: 8
@!@!@ENDMSG 2221 @!@!@
@!@!@STARTMSG 2221:0 @!@!@
  line 92, col 10 to line 92, col 50 of module bubble_sort: 8
@!@!@ENDMSG 2221 @!@!@
@!@!@STARTMSG 2221:0 @!@!@
  line 93, col 10 to line 93, col 19 of module bubble_sort: 8
@!@!@ENDMSG 2221 @!@!@
@!@!@STARTMSG 2221:0 @!@!@
  line 94, col 10 to line 94, col 35 of module bubble_sort: 8
@!@!@ENDMSG 2221 @!@!@
@!@!@STARTMSG 2772:0 @!@!@
<l3 line 96, col 1 to line 96, col 2 of module bubble_sort>: 4:8
@!@!@ENDMSG 2772 @!@!@
@!@!@STARTMSG 2221:0 @!@!@
  line 96, col 10 to line 96, col 18 of module bubble_sort: 55
@!@!@ENDMSG 2221 @!@!@
@!@!@STARTMSG 2221:0 @!@!@
  |line 96, col 10 to line 96, col 11 of module bubble_sort: 47
@!@!@ENDMSG 2221 @!@!@
@!@!@STARTMSG 2221:0 @!@!@
  line 97, col 10 to line 97, col 13 of module bubble_sort: 8
@!@!@ENDMSG 2221 @!@!@
@!@!@STARTMSG 2221:0 @!@!@
  line 98, col 10 to line 98, col 19 of module bubble_sort: 8
@!@!@ENDMSG 2221 @!@!@
@!@!@STARTMSG 2221:0 @!@!@
  line 99, col 10 to line 99, col 19 of module bubble_sort: 8
@!@!@ENDMSG 2221 @!@!@
@!@!@STARTMSG 2221:0 @!@!@
  line 100, col 10 to line 100, col 41 of module bubble_sort: 8
@!@!@ENDMSG 2221 @!@!@
@!@!@STARTMSG 2772:0 @!@!@
<l4 line 102, col 1 to line 102, col 2 of module bubble_sort>: 4:8
@!@!@ENDMSG 2772 @!@!@
@!@!@STARTMSG 2221:0 @!@!@
  line 102, col 10 to line 102, col 18 of module bubble_sort: 51
@!@!@ENDMSG 2221 @!@!@
@!@!@STARTMSG 2221:0 @!@!@
  |line 102, col 10 to line 102, col 11 of module bubble_sort: 43
@!@!@ENDMSG 2221 @!@!@
@!@!@STARTMSG 2221:0 @!@!@
  line 103, col 10 to line 103, col 13 of module bubble_sort: 8
@!@!@ENDMSG 2221 @!@!@
@!@!@STARTMSG 2221:0 @!@!@
  line 104, col 10 to line 104, col 20 of module bubble_sort: 8
@!@!@ENDMSG 2221 @!@!@
@!@!@STARTMSG 2221:0 @!@!@
  line 105, col 10 to line 105, col 44 of module bubble_sort: 8
@!@!@ENDMSG 2221 @!@!@
@!@!@STARTMSG 2772:0 @!@!@
<l5 line 107, col 1 to line 107, col 2 of module bubble_sort>: 1:2
@!@!@ENDMSG 2772 @!@!@
@!@!@STARTMSG 2221:0 @!@!@
  line 107, col 10 to line 107, col 18 of module bubble_sort: 41
@!@!@ENDMSG 2221 @!@!@
@!@!@STARTMSG 2221:0 @!@!@
  |line 107, col 10 to line 107, col 11 of module bubble_sort: 39
@!@!@ENDMSG 2221 @!@!@
@!@!@STARTMSG 2221:0 @!@!@
  line 108, col 10 to line 108, col 13 of module bubble_sort: 2
@!@!@ENDMSG 2221 @!@!@
@!@!@STARTMSG 2221:0 @!@!@
  line 109, col 10 to line 109, col 15 of module bubble_sort: 2
@!@!@ENDMSG 2221 @!@!@
@!@!@STARTMSG 2221:0 @!@!@
  line 110, col 10 to line 110, col 19 of module bubble_sort: 2
@!@!@ENDMSG 2221 @!@!@
@!@!@STARTMSG 2221:0 @!@!@
  line 111, col 10 to line 111, col 41 of module bubble_sort: 2
@!@!@ENDMSG 2221 @!@!@
@!@!@STARTMSG 2772:0 @!@!@
<l6 line 113, col 1 to line 113, col 2 of module bubble_sort>: 1:2
@!@!@ENDMSG 2772 @!@!@
@!@!@STARTMSG 2221:0 @!@!@
  line 113, col 10 to line 113, col 18 of module bubble_sort: 40
@!@!@ENDMSG 2221 @!@!@
@!@!@STARTMSG 2221:0 @!@!@
  |line 113, col 10 to line 113, col 11 of module bubble_sort: 38
@!@!@ENDMSG 2221 @!@!@
@!@!@STARTMSG 2221:0 @!@!@
  line 114, col 10 to line 114, col 13 of module bubble_sort: 2
@!@!@ENDMSG 2221 @!@!@
@!@!@STARTMSG 2221:0 @!@!@
  line 115, col 10 to line 115, col 20 of module bubble_sort: 2
@!@!@ENDMSG 2221 @!@!@
@!@!@STARTMSG 2221:0 @!@!@
  line 116, col 10 to line 116, col 44 of module bubble_sort: 2
@!@!@ENDMSG 2221 @!@!@
@!@!@STARTMSG 2772:0 @!@!@
<ul2 line 118, col 1 to line 118, col 3 of module bubble_sort>: 1:2
@!@!@ENDMSG 2772 @!@!@
@!@!@STARTMSG 2221:0 @!@!@
  line 118, col 11 to line 118, col 20 of module bubble_sort: 39
@!@!@ENDMSG 2221 @!@!@
@!@!@STARTMSG 2221:0 @!@!@
  |line 118, col 11 to line 118, col 12 of module bubble_sort: 37
@!@!@ENDMSG 2221 @!@!@
@!@!@STARTMSG 2221:0 @!@!@
  line 119, col 14 to line 119, col 24 of module bubble_sort: 2
@!@!@ENDMSG 2221 @!@!@
@!@!@STARTMSG 2221:0 @!@!@
  line 120, col 19 to line 120, col 31 of module bubble_sort: 2
@!@!@ENDMSG 2221 @!@!@
@!@!@STARTMSG 2221:0 @!@!@
  line 121, col 22 to line 121, col 32 of module bubble_sort: 0
@!@!@ENDMSG 2221 @!@!@
@!@!@STARTMSG 2221:0 @!@!@
  line 122, col 11 to line 122, col 45 of module bubble_sort: 2
@!@!@ENDMSG 2221 @!@!@
@!@!@STARTMSG 2772:0 @!@!@
<l7 line 124, col 1 to line 124, col 2 of module bubble_sort>: 1:2
@!@!@ENDMSG 2772 @!@!@
@!@!@STARTMSG 2221:0 @!@!@
  line 124, col 10 to line 124, col 18 of module bubble_sort: 38
@!@!@ENDMSG 2221 @!@!@
@!@!@STARTMSG 2221:0 @!@!@
  |line 124, col 10 to line 124, col 11 of module bubble_sort: 36
@!@!@ENDMSG 2221 @!@!@
@!@!@STARTMSG 2221:0 @!@!@
  line 125, col 10 to line 125, col 13 of module bubble_sort: 2
@!@!@ENDMSG 2221 @!@!@
@!@!@STARTMSG 2221:0 @!@!@
  line 126, col 10 to line 126, col 15 of module bubble_sort: 2
@!@!@ENDMSG 2221 @!@!@
@!@!@STARTMSG 2221:0 @!@!@
  line 127, col 10 to line 127, col 19 of module bubble_sort: 2
@!@!@ENDMSG 2221 @!@!@
@!@!@STARTMSG 2221:0 @!@!@
  line 128, col 10 to line 128, col 41 of module bubble_sort: 2
@!@!@ENDMSG 2221 @!@!@
@!@!@STARTMSG 2772:0 @!@!@
<l8 line 130, col 1 to line 130, col 2 of module bubble_sort>: 1:2
@!@!@ENDMSG 2772 @!@!@
@!@!@STARTMSG 2221:0 @!@!@
  line 130, col 10 to line 130, col 18 of module bubble_sort: 37
@!@!@ENDMSG 2221 @!@!@
@!@!@STARTMSG 2221:0 @!@!@
  |line 130, col 10 to line 130, col 11 of module bubble_sort: 35
@!@!@ENDMSG 2221 @!@!@
@!@!@STARTMSG 2221:0 @!@!@
  line 131, col 10 to line 131, col 13 of module bubble_sort: 2
@!@!@ENDMSG 2221 @!@!@
@!@!@STARTMSG 2221:0 @!@!@
  line 132, col 10 to line 132, col 20 of module bubble_sort: 2
@!@!@ENDMSG 2221 @!@!@
@!@!@STARTMSG 2221:0 @!@!@
  line 133, col 10 to line 133, col 44 of module bubble_sort: 2
@!@!@ENDMSG 2221 @!@!@
@!@!@STARTMSG 2772:0 @!@!@
<ul3 line 135, col 1 to line 135, col 3 of module bubble_sort>: 1:2
@!@!@ENDMSG 2772 @!@!@
@!@!@STARTMSG 2221:0 @!@!@
  line 135, col 11 to line 135, col 20 of module bubble_sort: 36
@!@!@ENDMSG 2221 @!@!@
@!@!@STARTMSG 2221:0 @!@!@
  |line 135, col 11 to line 135, col 12 of module bubble_sort: 34
@!@!@ENDMSG 2221 @!@!@
@!@!@STARTMSG 2221:0 @!@!@
  line 136, col 14 to line 136, col 28 of module bubble_sort: 2
@!@!@ENDMSG 2221 @!@!@
@!@!@STARTMSG 2221:0 @!@!@
  line 137, col 19 to line 137, col 31 of module bubble_sort: 2
@!@!@ENDMSG 2221 @!@!@
@!@!@STARTMSG 2221:0 @!@!@
  line 138, col 22 to line 138, col 32 of module bubble_sort: 0
@!@!@ENDMSG 2221 @!@!@
@!@!@STARTMSG 2221:0 @!@!@
  line 139, col 11 to line 139, col 45 of module bubble_sort: 2
@!@!@ENDMSG 2221 @!@!@
@!@!@STARTMSG 2772:0 @!@!@
<l9 line 141, col 1 to line 141, col 2 of module bubble_sort>: 1:2
@!@!@ENDMSG 2772 @!@!@
@!@!@STARTMSG 2221:0 @!@!@
  line 141, col 10 to line 141, col 18 of module bubble_sort: 35
@!@!@ENDMSG 2221 @!@!@
@!@!@STARTMSG 2221:0 @!@!@
  |line 141, col 10 to line 141, col 11 of module bubble_sort: 33
@!@!@ENDMSG 2221 @!@!@
@!@!@STARTMSG 2221:0 @!@!@
  line 142, col 10 to line 142, col 13 of module bubble_sort: 2
@!@!@ENDMSG 2221 @!@!@
@!@!@STARTMSG 2221:0 @!@!@
  line 143, col 13 to line 143, col 39 of module bubble_sort: 2
@!@!@ENDMSG 2221 @!@!@
@!@!@STARTMSG 2221:0 @!@!@
  line 144, col 18 to line 144, col 31 of module bubble_sort: 2
@!@!@ENDMSG 2221 @!@!@
@!@!@STARTMSG 2221:0 @!@!@
  line 145, col 21 to line 145, col 31 of module bubble_sort: 0
@!@!@ENDMSG 2221 @!@!@
@!@!@STARTMSG 2221:0 @!@!@
  line 146, col 10 to line 146, col 44 of module bubble_sort: 2
@!@!@ENDMSG 2221 @!@!@
@!@!@STARTMSG 2772:0 @!@!@
<l10 line 148, col 1 to line 148, col 3 of module bubble_sort>: 1:2
@!@!@ENDMSG 2772 @!@!@
@!@!@STARTMSG 2221:0 @!@!@
  line 148, col 11 to line 148, col 20 of module bubble_sort: 34
@!@!@ENDMSG 2221 @!@!@
@!@!@STARTMSG 2221:0 @!@!@
  |line 148, col 11 to line 148, col 12 of module bubble_sort: 32
@!@!@ENDMSG 2221 @!@!@
@!@!@STARTMSG 2221:0 @!@!@
  line 149, col 11 to line 149, col 14 of module bubble_sort: 2
@!@!@ENDMSG 2221 @!@!@
@!@!@STARTMSG 2221:0 @!@!@
  line 150, col 11 to line 150, col 28 of module bubble_sort: 2
@!@!@ENDMSG 2221 @!@!@
@!@!@STARTMSG 2221:0 @!@!@
  line 151, col 11 to line 151, col 21 of module bubble_sort: 2
@!@!@ENDMSG 2221 @!@!@
@!@!@STARTMSG 2221:0 @!@!@
  line 152, col 11 to line 152, col 39 of module bubble_sort: 2
@!@!@ENDMSG 2221 @!@!@
@!@!@STARTMSG 2772:0 @!@!@
<l11 line 154, col 1 to line 154, col 3 of module bubble_sort>: 1:2
@!@!@ENDMSG 2772 @!@!@
@!@!@STARTMSG 2221:0 @!@!@
  line 154, col 11 to line 154, col 20 of module bubble_sort: 33
@!@!@ENDMSG 2221 @!@!@
@!@!@STARTMSG 2221:0 @!@!@
  |line 154, col 11 to line 154, col 12 of module bubble_sort: 31
@!@!@ENDMSG 2221 @!@!@
@!@!@STARTMSG 2221:0 @!@!@
  line 155, col 11 to line 155, col 14 of module bubble_sort: 2
@!@!@ENDMSG 2221 @!@!@
@!@!@STARTMSG 2221:0 @!@!@
  line 156, col 11 to line 156, col 59 of module bubble_sort: 2
@!@!@ENDMSG 2221 @!@!@
@!@!@STARTMSG 2221:0 @!@!@
  line 157, col 11 to line 157, col 21 of module bubble_sort: 2
@!@!@ENDMSG 2221 @!@!@
@!@!@STARTMSG 2221:0 @!@!@
  line 158, col 11 to line 158, col 36 of module bubble_sort: 2
@!@!@ENDMSG 2221 @!@!@
@!@!@STARTMSG 2772:0 @!@!@
<l12 line 160, col 1 to line 160, col 3 of module bubble_sort>: 1:2
@!@!@ENDMSG 2772 @!@!@
@!@!@STARTMSG 2221:0 @!@!@
  line 160, col 11 to line 160, col 20 of module bubble_sort: 31
@!@!@ENDMSG 2221 @!@!@
@!@!@STARTMSG 2221:0 @!@!@
  |line 160, col 11 to line 160, col 12 of module bubble_sort: 30
@!@!@ENDMSG 2221 @!@!@
@!@!@STARTMSG 2221:0 @!@!@
  line 161, col 11 to line 161, col 14 of module bubble_sort: 1
@!@!@ENDMSG 2221 @!@!@
@!@!@STARTMSG 2221:0 @!@!@
  line 162, col 11 to line 162, col 53 of module bubble_sort: 1
@!@!@ENDMSG 2221 @!@!@
@!@!@STARTMSG 2221:0 @!@!@
  |line 162, col 22 to line 162, col 53 of module bubble_sort: 2
@!@!@ENDMSG 2221 @!@!@
@!@!@STARTMSG 2221:0 @!@!@
  line 163, col 11 to line 163, col 21 of module bubble_sort: 1
@!@!@ENDMSG 2221 @!@!@
@!@!@STARTMSG 2221:0 @!@!@
  line 164, col 11 to line 164, col 36 of module bubble_sort: 1
@!@!@ENDMSG 2221 @!@!@
@!@!@STARTMSG 2772:0 @!@!@
<l13 line 166, col 1 to line 166, col 3 of module bubble_sort>: 0:0
@!@!@ENDMSG 2772 @!@!@
@!@!@STARTMSG 2221:0 @!@!@
  line 166, col 11 to line 166, col 20 of module bubble_sort: 28
@!@!@ENDMSG 2221 @!@!@
@!@!@STARTMSG 2221:0 @!@!@
  line 168, col 11 to line 168, col 21 of module bubble_sort: 0
@!@!@ENDMSG 2221 @!@!@
@!@!@STARTMSG 2221:0 @!@!@
  line 169, col 11 to line 169, col 45 of module bubble_sort: 0
@!@!@ENDMSG 2221 @!@!@
@!@!@STARTMSG 2772:0 @!@!@
<l14 line 171, col 1 to line 171, col 3 of module bubble_sort>: 0:0
@!@!@ENDMSG 2772 @!@!@
@!@!@STARTMSG 2221:0 @!@!@
  line 171, col 11 to line 171, col 20 of module bubble_sort: 28
@!@!@ENDMSG 2221 @!@!@
@!@!@STARTMSG 2221:0 @!@!@
  line 173, col 11 to line 173, col 21 of module bubble_sort: 0
@!@!@ENDMSG 2221 @!@!@
@!@!@STARTMSG 2221:0 @!@!@
  line 174, col 11 to line 174, col 45 of module bubble_sort: 0
@!@!@ENDMSG 2221 @!@!@
@!@!@STARTMSG 2772:0 @!@!@
<l15 line 176, col 1 to line 176, col 3 of module bubble_sort>: 0:0
@!@!@ENDMSG 2772 @!@!@
@!@!@STARTMSG 2221:0 @!@!@
  line 176, col 11 to line 176, col 20 of module bubble_sort: 28
@!@!@ENDMSG 2221 @!@!@
@!@!@STARTMSG 2221:0 @!@!@
  line 178, col 11 to line 178, col 20 of module bubble_sort: 0
@!@!@ENDMSG 2221 @!@!@
@!@!@STARTMSG 2221:0 @!@!@
  line 179, col 11 to line 179, col 21 of module bubble_sort: 0
@!@!@ENDMSG 2221 @!@!@
@!@!@STARTMSG 2221:0 @!@!@
  line 180, col 11 to line 180, col 42 of module bubble_sort: 0
@!@!@ENDMSG 2221 @!@!@
@!@!@STARTMSG 2772:0 @!@!@
<l16 line 182, col 1 to line 182, col 3 of module bubble_sort>: 0:0
@!@!@ENDMSG 2772 @!@!@
@!@!@STARTMSG 2221:0 @!@!@
  line 182, col 11 to line 182, col 20 of module bubble_sort: 28
@!@!@ENDMSG 2221 @!@!@
@!@!@STARTMSG 2221:0 @!@!@
  line 184, col 11 to line 184, col 21 of module bubble_sort: 0
@!@!@ENDMSG 2221 @!@!@
@!@!@STARTMSG 2221:0 @!@!@
  line 185, col 11 to line 185, col 45 of module bubble_sort: 0
@!@!@ENDMSG 2221 @!@!@
@!@!@STARTMSG 2772:0 @!@!@
<l17 line 187, col 1 to line 187, col 3 of module bubble_sort>: 0:0
@!@!@ENDMSG 2772 @!@!@
@!@!@STARTMSG 2221:0 @!@!@
  line 187, col 11 to line 187, col 20 of module bubble_sort: 28
@!@!@ENDMSG 2221 @!@!@
@!@!@STARTMSG 2221:0 @!@!@
  line 189, col 11 to line 189, col 20 of module bubble_sort: 0
@!@!@ENDMSG 2221 @!@!@
@!@!@STARTMSG 2221:0 @!@!@
  line 190, col 11 to line 190, col 21 of module bubble_sort: 0
@!@!@ENDMSG 2221 @!@!@
@!@!@STARTMSG 2221:0 @!@!@
  line 191, col 11 to line 191, col 42 of module bubble_sort: 0
@!@!@ENDMSG 2221 @!@!@
@!@!@STARTMSG 2772:0 @!@!@
<l18 line 193, col 1 to line 193, col 3 of module bubble_sort>: 0:0
@!@!@ENDMSG 2772 @!@!@
@!@!@STARTMSG 2221:0 @!@!@
  line 193, col 11 to line 193, col 20 of module bubble_sort: 28
@!@!@ENDMSG 2221 @!@!@
@!@!@STARTMSG 2221:0 @!@!@
  line 195, col 11 to line 195, col 21 of module bubble_sort: 0
@!@!@ENDMSG 2221 @!@!@
@!@!@STARTMSG 2221:0 @!@!@
  line 196, col 11 to line 196, col 45 of module bubble_sort: 0
@!@!@ENDMSG 2221 @!@!@
@!@!@STARTMSG 2772:0 @!@!@
<l19 line 198, col 1 to line 198, col 3 of module bubble_sort>: 0:0
@!@!@ENDMSG 2772 @!@!@
@!@!@STARTMSG 2221:0 @!@!@
  line 198, col 11 to line 198, col 20 of module bubble_sort: 28
@!@!@ENDMSG 2221 @!@!@
@!@!@STARTMSG 2221:0 @!@!@
  line 200, col 11 to line 200, col 22 of module bubble_sort: 0
@!@!@ENDMSG 2221 @!@!@
@!@!@STARTMSG 2221:0 @!@!@
  line 201, col 11 to line 201, col 45 of module bubble_sort: 0
@!@!@ENDMSG 2221 @!@!@
@!@!@STARTMSG 2772:0 @!@!@
<Terminating line 204, col 1 to line 204, col 11 of module bubble_sort>: 0:0
@!@!@ENDMSG 2772 @!@!@
@!@!@STARTMSG 2221:0 @!@!@
  line 204, col 16 to line 204, col 26 of module bubble_sort: 28
@!@!@ENDMSG 2221 @!@!@
@!@!@STARTMSG 2221:0 @!@!@
  line 204, col 31 to line 204, col 44 of module bubble_sort: 0
@!@!@ENDMSG 2221 @!@!@
@!@!@STARTMSG 2774:0 @!@!@
<NoRTE line 326, col 1 to line 326, col 5 of module bubble_sort>
@!@!@ENDMSG 2774 @!@!@
@!@!@STARTMSG 2221:0 @!@!@
  line 326, col 10 to line 330, col 1 of module bubble_sort: 30
@!@!@ENDMSG 2221 @!@!@
@!@!@STARTMSG 2774:0 @!@!@
<PartialCorrectness line 324, col 1 to line 324, col 18 of module bubble_sort>
@!@!@ENDMSG 2774 @!@!@
@!@!@STARTMSG 2221:0 @!@!@
  line 324, col 23 to line 324, col 50 of module bubble_sort: 30
@!@!@ENDMSG 2221 @!@!@
@!@!@STARTMSG 2774:0 @!@!@
<InvOk line 325, col 1 to line 325, col 5 of module bubble_sort>
@!@!@ENDMSG 2774 @!@!@
@!@!@STARTMSG 2221:0 @!@!@
  line 325, col 10 to line 325, col 19 of module bubble_sort: 30
@!@!@ENDMSG 2221 @!@!@
@!@!@STARTMSG 2221:0 @!@!@
  |line 325, col 10 to line 325, col 12 of module bubble_sort: 30
@!@!@ENDMSG 2221 @!@!@
@!@!@STARTMSG 2221:0 @!@!@
  |line 325, col 17 to line 325, col 19 of module bubble_sort: 30
@!@!@ENDMSG 2221 @!@!@
@!@!@STARTMSG 2221:0 @!@!@
  ||line 295, col 5 to line 315, col 25 of module bubble_sort: 30
@!@!@ENDMSG 2221 @!@!@
@!@!@STARTMSG 2221:0 @!@!@
  |||line 295, col 8 to line 295, col 12 of module bubble_sort: 30
@!@!@ENDMSG 2221 @!@!@
@!@!@STARTMSG 2221:0 @!@!@
  |||line 296, col 8 to line 296, col 23 of module bubble_sort: 30
@!@!@ENDMSG 2221 @!@!@
@!@!@STARTMSG 2221:0 @!@!@
  ||||line 296, col 8 to line 296, col 16 of module bubble_sort: 30
@!@!@ENDMSG 2221 @!@!@
@!@!@STARTMSG 2221:0 @!@!@
  ||||line 296, col 21 to line 296, col 23 of module bubble_sort: 1
@!@!@ENDMSG 2221 @!@!@
@!@!@STARTMSG 2221:0 @!@!@
  |||line 297, col 8 to line 297, col 23 of module bubble_sort: 30
@!@!@ENDMSG 2221 @!@!@
@!@!@STARTMSG 2221:0 @!@!@
  ||||line 297, col 8 to line 297, col 16 of module bubble_sort: 30
@!@!@ENDMSG 2221 @!@!@
@!@!@STARTMSG 2221:0 @!@!@
  ||||line 297, col 21 to line 297, col 23 of module bubble_sort: 1
@!@!@ENDMSG 2221 @!@!@
@!@!@STARTMSG 2221:0 @!@!@
  |||line 298, col 8 to line 298, col 23 of module bubble_sort: 30
@!@!@ENDMSG 2221 @!@!@
@!@!@STARTMSG 2221:0 @!@!@
  ||||line 298, col 8 to line 298, col 16 of module bubble_sort: 30
@!@!@ENDMSG 2221 @!@!@
@!@!@STARTMSG 2221:0 @!@!@
  ||||line 298, col 21 to line 298, col 23 of module bubble_sort: 4
@!@!@ENDMSG 2221 @!@!@
@!@!@STARTMSG 2221:0 @!@!@
  |||||line 233, col 5 to line 233, col 96 of module bubble_sort: 4
@!@!@ENDMSG 2221 @!@!@
@!@!@STARTMSG 2221:0 @!@!@
  ||||||line 233, col 8 to line 233, col 96 of module bubble_sort: 4
@!@!@ENDMSG 2221 @!@!@
@!@!@STARTMSG 2221:0 @!@!@
  |||||||line 233, col 8 to line 233, col 61 of module bubble_sort: 4
@!@!@ENDMSG 2221 @!@!@
@!@!@STARTMSG 2221:0 @!@!@
  |||||||line 233, col 66 to line 233, col 96 of module bubble_sort: 4
@!@!@ENDMSG 2221 @!@!@
@!@!@STARTMSG 2221:0 @!@!@
  ||||||||line 233, col 66 to line 233, col 81 of module bubble_sort: 4
@!@!@ENDMSG 2221 @!@!@
@!@!@STARTMSG 2775:0 @!@!@
  |||||||||line 218, col 19 to line 218, col 89 of module bubble_sort: 4:16
@!@!@ENDMSG 2775 @!@!@
@!@!@STARTMSG 2221:0 @!@!@
  ||||||||||line 218, col 26 to line 218, col 35 of module bubble_sort: 4
@!@!@ENDMSG 2221 @!@!@
@!@!@STARTMSG 2775:0 @!@!@
  |||||||||||line 216, col 13 to line 216, col 37 of module bubble_sort: 4:20
@!@!@ENDMSG 2775 @!@!@
@!@!@STARTMSG 2221:0 @!@!@
  ||||||||||||line 216, col 15 to line 216, col 18 of module bubble_sort: 16
@!@!@ENDMSG 2221 @!@!@
@!@!@STARTMSG 2221:0 @!@!@
  ||||||||||||line 216, col 28 to line 216, col 35 of module bubble_sort: 4
@!@!@ENDMSG 2221 @!@!@
@!@!@STARTMSG 2221:0 @!@!@
  |||||||||||line 218, col 32 to line 218, col 34 of module bubble_sort: 4
@!@!@ENDMSG 2221 @!@!@
@!@!@STARTMSG 2221:0 @!@!@
  |||||||||line 233, col 71 to line 233, col 71 of module bubble_sort: 4
@!@!@ENDMSG 2221 @!@!@
@!@!@STARTMSG 2221:0 @!@!@
  |||||||||line 233, col 74 to line 233, col 80 of module bubble_sort: 3
@!@!@ENDMSG 2221 @!@!@
@!@!@STARTMSG 2221:0 @!@!@
  ||||||||line 233, col 85 to line 233, col 96 of module bubble_sort: 4
@!@!@ENDMSG 2221 @!@!@
@!@!@STARTMSG 2775:0 @!@!@
  |||||||||line 218, col 19 to line 218, col 89 of module bubble_sort: 4:16
@!@!@ENDMSG 2775 @!@!@
@!@!@STARTMSG 2221:0 @!@!@
  ||||||||||line 218, col 26 to line 218, col 35 of module bubble_sort: 4
@!@!@ENDMSG 2221 @!@!@
@!@!@STARTMSG 2775:0 @!@!@
  |||||||||||line 216, col 13 to line 216, col 37 of module bubble_sort: 4:20
@!@!@ENDMSG 2775 @!@!@
@!@!@STARTMSG 2221:0 @!@!@
  ||||||||||||line 216, col 15 to line 216, col 18 of module bubble_sort: 16
@!@!@ENDMSG 2221 @!@!@
@!@!@STARTMSG 2221:0 @!@!@
  ||||||||||||line 216, col 28 to line 216, col 35 of module bubble_sort: 4
@!@!@ENDMSG 2221 @!@!@
@!@!@STARTMSG 2221:0 @!@!@
  |||||||||||line 218, col 32 to line 218, col 34 of module bubble_sort: 4
@!@!@ENDMSG 2221 @!@!@
@!@!@STARTMSG 2221:0 @!@!@
  |||||||||line 233, col 90 to line 233, col 90 of module bubble_sort: 4
@!@!@ENDMSG 2221 @!@!@
@!@!@STARTMSG 2221:0 @!@!@
  |||||||||line 233, col 93 to line 233, col 95 of module bubble_sort: 3
@!@!@ENDMSG 2221 @!@!@
@!@!@STARTMSG 2221:0 @!@!@
  |||line 299, col 8 to line 299, col 23 of module bubble_sort: 30
@!@!@ENDMSG 2221 @!@!@
@!@!@STARTMSG 2221:0 @!@!@
  ||||line 299, col 8 to line 299, col 16 of module bubble_sort: 30
@!@!@ENDMSG 2221 @!@!@
@!@!@STARTMSG 2221:0 @!@!@
  ||||line 299, col 21 to line 299, col 23 of module bubble_sort: 4
@!@!@ENDMSG 2221 @!@!@
@!@!@STARTMSG 2221:0 @!@!@
  |||||line 235, col 5 to line 235, col 100 of module bubble_sort: 4
@!@!@ENDMSG 2221 @!@!@
@!@!@STARTMSG 2221:0 @!@!@
  ||||||line 235, col 8 to line 235, col 100 of module bubble_sort: 4
@!@!@ENDMSG 2221 @!@!@
@!@!@STARTMSG 2221:0 @!@!@
  |||||||line 235, col 8 to line 235, col 57 of module bubble_sort: 4
@!@!@ENDMSG 2221 @!@!@
@!@!@STARTMSG 2221:0 @!@!@
  |||||||line 235, col 62 to line 235, col 100 of module bubble_sort: 4
@!@!@ENDMSG 2221 @!@!@
@!@!@STARTMSG 2221:0 @!@!@
  ||||||||line 235, col 62 to line 235, col 81 of module bubble_sort: 4
@!@!@ENDMSG 2221 @!@!@
@!@!@STARTMSG 2775:0 @!@!@
  |||||||||line 218, col 19 to line 218, col 89 of module bubble_sort: 4:16
@!@!@ENDMSG 2775 @!@!@
@!@!@STARTMSG 2221:0 @!@!@
  ||||||||||line 218, col 26 to line 218, col 35 of module bubble_sort: 4
@!@!@ENDMSG 2221 @!@!@
@!@!@STARTMSG 2775:0 @!@!@
  |||||||||||line 216, col 13 to line 216, col 37 of module bubble_sort: 4:20
@!@!@ENDMSG 2775 @!@!@
@!@!@STARTMSG 2221:0 @!@!@
  ||||||||||||line 216, col 15 to line 216, col 18 of module bubble_sort: 16
@!@!@ENDMSG 2221 @!@!@
@!@!@STARTMSG 2221:0 @!@!@
  ||||||||||||line 216, col 28 to line 216, col 35 of module bubble_sort: 4
@!@!@ENDMSG 2221 @!@!@
@!@!@STARTMSG 2221:0 @!@!@
  |||||||||||line 218, col 32 to line 218, col 34 of module bubble_sort: 4
@!@!@ENDMSG 2221 @!@!@
@!@!@STARTMSG 2221:0 @!@!@
  |||||||||line 235, col 67 to line 235, col 71 of module bubble_sort: 4
@!@!@ENDMSG 2221 @!@!@
@!@!@STARTMSG 2221:0 @!@!@
  |||||||||line 235, col 74 to line 235, col 80 of module bubble_sort: 4
@!@!@ENDMSG 2221 @!@!@
@!@!@STARTMSG 2221:0 @!@!@
  ||||||||line 235, col 85 to line 235, col 100 of module bubble_sort: 4
@!@!@ENDMSG 2221 @!@!@
@!@!@STARTMSG 2775:0 @!@!@
  |||||||||line 218, col 19 to line 218, col 89 of module bubble_sort: 4:16
@!@!@ENDMSG 2775 @!@!@
@!@!@STARTMSG 2221:0 @!@!@
  ||||||||||line 218, col 26 to line 218, col 35 of module bubble_sort: 4
@!@!@ENDMSG 2221 @!@!@
@!@!@STARTMSG 2775:0 @!@!@
  |||||||||||line 216, col 13 to line 216, col 37 of module bubble_sort: 4:20
@!@!@ENDMSG 2775 @!@!@
@!@!@STARTMSG 2221:0 @!@!@
  ||||||||||||line 216, col 15 to line 216, col 18 of module bubble_sort: 16
@!@!@ENDMSG 2221 @!@!@
@!@!@STARTMSG 2221:0 @!@!@
  ||||||||||||line 216, col 28 to line 216, col 35 of module bubble_sort: 4
@!@!@ENDMSG 2221 @!@!@
@!@!@STARTMSG 2221:0 @!@!@
  |||||||||||line 218, col 32 to line 218, col 34 of module bubble_sort: 4
@!@!@ENDMSG 2221 @!@!@
@!@!@STARTMSG 2221:0 @!@!@
  |||||||||line 235, col 90 to line 235, col 94 of module bubble_sort: 4
@!@!@ENDMSG 2221 @!@!@
@!@!@STARTMSG 2221:0 @!@!@
  |||||||||line 235, col 97 to line 235, col 99 of module bubble_sort: 4
@!@!@ENDMSG 2221 @!@!@
@!@!@STARTMSG 2221:0 @!@!@
  |||line 300, col 8 to line 300, col 23 of module bubble_sort: 30
@!@!@ENDMSG 2221 @!@!@
@!@!@STARTMSG 2221:0 @!@!@
  ||||line 300, col 8 to line 300, col 16 of module bubble_sort: 30
@!@!@ENDMSG 2221 @!@!@
@!@!@STARTMSG 2221:0 @!@!@
  ||||line 300, col 21 to line 300, col 23 of module bubble_sort: 4
@!@!@ENDMSG 2221 @!@!@
@!@!@STARTMSG 2221:0 @!@!@
  |||||line 237, col 5 to line 237, col 99 of module bubble_sort: 4
@!@!@ENDMSG 2221 @!@!@
@!@!@STARTMSG 2221:0 @!@!@
  ||||||line 237, col 8 to line 237, col 99 of module bubble_sort: 4
@!@!@ENDMSG 2221 @!@!@
@!@!@STARTMSG 2221:0 @!@!@
  |||||||line 237, col 8 to line 237, col 64 of module bubble_sort: 4
@!@!@ENDMSG 2221 @!@!@
@!@!@STARTMSG 2221:0 @!@!@
  |||||||line 237, col 69 to line 237, col 99 of module bubble_sort: 4
@!@!@ENDMSG 2221 @!@!@
@!@!@STARTMSG 2221:0 @!@!@
  ||||||||line 237, col 69 to line 237, col 84 of module bubble_sort: 4
@!@!@ENDMSG 2221 @!@!@
@!@!@STARTMSG 2775:0 @!@!@
  |||||||||line 218, col 19 to line 218, col 89 of module bubble_sort: 4:16
@!@!@ENDMSG 2775 @!@!@
@!@!@STARTMSG 2221:0 @!@!@
  ||||||||||line 218, col 26 to line 218, col 35 of module bubble_sort: 4
@!@!@ENDMSG 2221 @!@!@
@!@!@STARTMSG 2775:0 @!@!@
  |||||||||||line 216, col 13 to line 216, col 37 of module bubble_sort: 4:20
@!@!@ENDMSG 2775 @!@!@
@!@!@STARTMSG 2221:0 @!@!@
  ||||||||||||line 216, col 15 to line 216, col 18 of module bubble_sort: 16
@!@!@ENDMSG 2221 @!@!@
@!@!@STARTMSG 2221:0 @!@!@
  ||||||||||||line 216, col 28 to line 216, col 35 of module bubble_sort: 4
@!@!@ENDMSG 2221 @!@!@
@!@!@STARTMSG 2221:0 @!@!@
  |||||||||||line 218, col 32 to line 218, col 34 of module bubble_sort: 4
@!@!@ENDMSG 2221 @!@!@
@!@!@STARTMSG 2221:0 @!@!@
  |||||||||line 237, col 74 to line 237, col 74 of module bubble_sort: 4
@!@!@ENDMSG 2221 @!@!@
@!@!@STARTMSG 2221:0 @!@!@
  |||||||||line 237, col 77 to line 237, col 83 of module bubble_sort: 4
@!@!@ENDMSG 2221 @!@!@
@!@!@STARTMSG 2221:0 @!@!@
  ||||||||line 237, col 88 to line 237, col 99 of module bubble_sort: 4
@!@!@ENDMSG 2221 @!@!@
@!@!@STARTMSG 2775:0 @!@!@
  |||||||||line 218, col 19 to line 218, col 89 of module bubble_sort: 4:16
@!@!@ENDMSG 2775 @!@!@
@!@!@STARTMSG 2221:0 @!@!@
  ||||||||||line 218, col 26 to line 218, col 35 of module bubble_sort: 4
@!@!@ENDMSG 2221 @!@!@
@!@!@STARTMSG 2775:0 @!@!@
  |||||||||||line 216, col 13 to line 216, col 37 of module bubble_sort: 4:20
@!@!@ENDMSG 2775 @!@!@
@!@!@STARTMSG 2221:0 @!@!@
  ||||||||||||line 216, col 15 to line 216, col 18 of module bubble_sort: 16
@!@!@ENDMSG 2221 @!@!@
@!@!@STARTMSG 2221:0 @!@!@
  ||||||||||||line 216, col 28 to line 216, col 35 of module bubble_sort: 4
@!@!@ENDMSG 2221 @!@!@
@!@!@STARTMSG 2221:0 @!@!@
  |||||||||||line 218, col 32 to line 218, col 34 of module bubble_sort: 4
@!@!@ENDMSG 2221 @!@!@
@!@!@STARTMSG 2221:0 @!@!@
  |||||||||line 237, col 93 to line 237, col 93 of module bubble_sort: 4
@!@!@ENDMSG 2221 @!@!@
@!@!@STARTMSG 2221:0 @!@!@
  |||||||||line 237, col 96 to line 237, col 98 of module bubble_sort: 4
@!@!@ENDMSG 2221 @!@!@
@!@!@STARTMSG 2221:0 @!@!@
  |||line 301, col 8 to line 301, col 23 of module bubble_sort: 30
@!@!@ENDMSG 2221 @!@!@
@!@!@STARTMSG 2221:0 @!@!@
  ||||line 301, col 8 to line 301, col 16 of module bubble_sort: 30
@!@!@ENDMSG 2221 @!@!@
@!@!@STARTMSG 2221:0 @!@!@
  ||||line 301, col 21 to line 301, col 23 of module bubble_sort: 1
@!@!@ENDMSG 2221 @!@!@
@!@!@STARTMSG 2221:0 @!@!@
  |||||line 239, col 5 to line 239, col 75 of module bubble_sort: 1
@!@!@ENDMSG 2221 @!@!@
@!@!@STARTMSG 2221:0 @!@!@
  ||||||line 239, col 8 to line 239, col 75 of module bubble_sort: 1
@!@!@ENDMSG 2221 @!@!@
@!@!@STARTMSG 2221:0 @!@!@
  |||||||line 239, col 8 to line 239, col 40 of module bubble_sort: 1
@!@!@ENDMSG 2221 @!@!@
@!@!@STARTMSG 2221:0 @!@!@
  |||||||line 239, col 45 to line 239, col 75 of module bubble_sort: 1
@!@!@ENDMSG 2221 @!@!@
@!@!@STARTMSG 2221:0 @!@!@
  ||||||||line 239, col 45 to line 239, col 60 of module bubble_sort: 1
@!@!@ENDMSG 2221 @!@!@
@!@!@STARTMSG 2775:0 @!@!@
  |||||||||line 218, col 19 to line 218, col 89 of module bubble_sort: 1:4
@!@!@ENDMSG 2775 @!@!@
@!@!@STARTMSG 2221:0 @!@!@
  ||||||||||line 218, col 26 to line 218, col 35 of module bubble_sort: 1
@!@!@ENDMSG 2221 @!@!@
@!@!@STARTMSG 2775:0 @!@!@
  |||||||||||line 216, col 13 to line 216, col 37 of module bubble_sort: 1:5
@!@!@ENDMSG 2775 @!@!@
@!@!@STARTMSG 2221:0 @!@!@
  ||||||||||||line 216, col 15 to line 216, col 18 of module bubble_sort: 4
@!@!@ENDMSG 2221 @!@!@
@!@!@STARTMSG 2221:0 @!@!@
  ||||||||||||line 216, col 28 to line 216, col 35 of module bubble_sort: 1
@!@!@ENDMSG 2221 @!@!@
@!@!@STARTMSG 2221:0 @!@!@
  |||||||||||line 218, col 32 to line 218, col 34 of module bubble_sort: 1
@!@!@ENDMSG 2221 @!@!@
@!@!@STARTMSG 2221:0 @!@!@
  |||||||||line 239, col 50 to line 239, col 50 of module bubble_sort: 1
@!@!@ENDMSG 2221 @!@!@
@!@!@STARTMSG 2221:0 @!@!@
  |||||||||line 239, col 53 to line 239, col 59 of module bubble_sort: 1
@!@!@ENDMSG 2221 @!@!@
@!@!@STARTMSG 2221:0 @!@!@
  ||||||||line 239, col 64 to line 239, col 75 of module bubble_sort: 1
@!@!@ENDMSG 2221 @!@!@
@!@!@STARTMSG 2775:0 @!@!@
  |||||||||line 218, col 19 to line 218, col 89 of module bubble_sort: 1:4
@!@!@ENDMSG 2775 @!@!@
@!@!@STARTMSG 2221:0 @!@!@
  ||||||||||line 218, col 26 to line 218, col 35 of module bubble_sort: 1
@!@!@ENDMSG 2221 @!@!@
@!@!@STARTMSG 2775:0 @!@!@
  |||||||||||line 216, col 13 to line 216, col 37 of module bubble_sort: 1:5
@!@!@ENDMSG 2775 @!@!@
@!@!@STARTMSG 2221:0 @!@!@
  ||||||||||||line 216, col 15 to line 216, col 18 of module bubble_sort: 4
@!@!@ENDMSG 2221 @!@!@
@!@!@STARTMSG 2221:0 @!@!@
  ||||||||||||line 216, col 28 to line 216, col 35 of module bubble_sort: 1
@!@!@ENDMSG 2221 @!@!@
@!@!@STARTMSG 2221:0 @!@!@
  |||||||||||line 218, col 32 to line 218, col 34 of module bubble_sort: 1
@!@!@ENDMSG 2221 @!@!@
@!@!@STARTMSG 2221:0 @!@!@
  |||||||||line 239, col 69 to line 239, col 69 of module bubble_sort: 1
@!@!@ENDMSG 2221 @!@!@
@!@!@STARTMSG 2221:0 @!@!@
  |||||||||line 239, col 72 to line 239, col 74 of module bubble_sort: 1
@!@!@ENDMSG 2221 @!@!@
@!@!@STARTMSG 2221:0 @!@!@
  |||line 302, col 8 to line 302, col 23 of module bubble_sort: 30
@!@!@ENDMSG 2221 @!@!@
@!@!@STARTMSG 2221:0 @!@!@
  ||||line 302, col 8 to line 302, col 16 of module bubble_sort: 30
@!@!@ENDMSG 2221 @!@!@
@!@!@STARTMSG 2221:0 @!@!@
  ||||line 302, col 21 to line 302, col 23 of module bubble_sort: 1
@!@!@ENDMSG 2221 @!@!@
@!@!@STARTMSG 2221:0 @!@!@
  |||||line 241, col 5 to line 241, col 84 of module bubble_sort: 1
@!@!@ENDMSG 2221 @!@!@
@!@!@STARTMSG 2221:0 @!@!@
  ||||||line 241, col 8 to line 241, col 84 of module bubble_sort: 1
@!@!@ENDMSG 2221 @!@!@
@!@!@STARTMSG 2221:0 @!@!@
  |||||||line 241, col 8 to line 241, col 49 of module bubble_sort: 1
@!@!@ENDMSG 2221 @!@!@
@!@!@STARTMSG 2221:0 @!@!@
  |||||||line 241, col 54 to line 241, col 84 of module bubble_sort: 1
@!@!@ENDMSG 2221 @!@!@
@!@!@STARTMSG 2221:0 @!@!@
  ||||||||line 241, col 54 to line 241, col 69 of module bubble_sort: 1
@!@!@ENDMSG 2221 @!@!@
@!@!@STARTMSG 2775:0 @!@!@
  |||||||||line 218, col 19 to line 218, col 89 of module bubble_sort: 1:4
@!@!@ENDMSG 2775 @!@!@
@!@!@STARTMSG 2221:0 @!@!@
  ||||||||||line 218, col 26 to line 218, col 35 of module bubble_sort: 1
@!@!@ENDMSG 2221 @!@!@
@!@!@STARTMSG 2775:0 @!@!@
  |||||||||||line 216, col 13 to line 216, col 37 of module bubble_sort: 1:5
@!@!@ENDMSG 2775 @!@!@
@!@!@STARTMSG 2221:0 @!@!@
  ||||||||||||line 216, col 15 to line 216, col 18 of module bubble_sort: 4
@!@!@ENDMSG 2221 @!@!@
@!@!@STARTMSG 2221:0 @!@!@
  ||||||||||||line 216, col 28 to line 216, col 35 of module bubble_sort: 1
@!@!@ENDMSG 2221 @!@!@
@!@!@STARTMSG 2221:0 @!@!@
  |||||||||||line 218, col 32 to line 218, col 34 of module bubble_sort: 1
@!@!@ENDMSG 2221 @!@!@
@!@!@STARTMSG 2221:0 @!@!@
  |||||||||line 241, col 59 to line 241, col 59 of module bubble_sort: 1
@!@!@ENDMSG 2221 @!@!@
@!@!@STARTMSG 2221:0 @!@!@
  |||||||||line 241, col 62 to line 241, col 68 of module bubble_sort: 1
@!@!@ENDMSG 2221 @!@!@
@!@!@STARTMSG 2221:0 @!@!@
  ||||||||line 241, col 73 to line 241, col 84 of module bubble_sort: 1
@!@!@ENDMSG 2221 @!@!@
@!@!@STARTMSG 2775:0 @!@!@
  |||||||||line 218, col 19 to line 218, col 89 of module bubble_sort: 1:4
@!@!@ENDMSG 2775 @!@!@
@!@!@STARTMSG 2221:0 @!@!@
  ||||||||||line 218, col 26 to line 218, col 35 of module bubble_sort: 1
@!@!@ENDMSG 2221 @!@!@
@!@!@STARTMSG 2775:0 @!@!@
  |||||||||||line 216, col 13 to line 216, col 37 of module bubble_sort: 1:5
@!@!@ENDMSG 2775 @!@!@
@!@!@STARTMSG 2221:0 @!@!@
  ||||||||||||line 216, col 15 to line 216, col 18 of module bubble_sort: 4
@!@!@ENDMSG 2221 @!@!@
@!@!@STARTMSG 2221:0 @!@!@
  ||||||||||||line 216, col 28 to line 216, col 35 of module bubble_sort: 1
@!@!@ENDMSG 2221 @!@!@
@!@!@STARTMSG 2221:0 @!@!@
  |||||||||||line 218, col 32 to line 218, col 34 of module bubble_sort: 1
@!@!@ENDMSG 2221 @!@!@
@!@!@STARTMSG 2221:0 @!@!@
  |||||||||line 241, col 78 to line 241, col 78 of module bubble_sort: 1
@!@!@ENDMSG 2221 @!@!@
@!@!@STARTMSG 2221:0 @!@!@
  |||||||||line 241, col 81 to line 241, col 83 of module bubble_sort: 1
@!@!@ENDMSG 2221 @!@!@
@!@!@STARTMSG 2221:0 @!@!@
  |||line 303, col 8 to line 303, col 23 of module bubble_sort: 30
@!@!@ENDMSG 2221 @!@!@
@!@!@STARTMSG 2221:0 @!@!@
  ||||line 303, col 8 to line 303, col 16 of module bubble_sort: 30
@!@!@ENDMSG 2221 @!@!@
@!@!@STARTMSG 2221:0 @!@!@
  ||||line 303, col 21 to line 303, col 23 of module bubble_sort: 1
@!@!@ENDMSG 2221 @!@!@
@!@!@STARTMSG 2221:0 @!@!@
  |||||line 243, col 5 to line 244, col 89 of module bubble_sort: 1
@!@!@ENDMSG 2221 @!@!@
@!@!@STARTMSG 2221:0 @!@!@
  ||||||line 243, col 8 to line 243, col 100 of module bubble_sort: 1
@!@!@ENDMSG 2221 @!@!@
@!@!@STARTMSG 2221:0 @!@!@
  |||||||line 243, col 8 to line 243, col 65 of module bubble_sort: 1
@!@!@ENDMSG 2221 @!@!@
@!@!@STARTMSG 2221:0 @!@!@
  |||||||line 243, col 70 to line 243, col 100 of module bubble_sort: 1
@!@!@ENDMSG 2221 @!@!@
@!@!@STARTMSG 2221:0 @!@!@
  ||||||||line 243, col 70 to line 243, col 85 of module bubble_sort: 1
@!@!@ENDMSG 2221 @!@!@
@!@!@STARTMSG 2775:0 @!@!@
  |||||||||line 218, col 19 to line 218, col 89 of module bubble_sort: 1:4
@!@!@ENDMSG 2775 @!@!@
@!@!@STARTMSG 2221:0 @!@!@
  ||||||||||line 218, col 26 to line 218, col 35 of module bubble_sort: 1
@!@!@ENDMSG 2221 @!@!@
@!@!@STARTMSG 2775:0 @!@!@
  |||||||||||line 216, col 13 to line 216, col 37 of module bubble_sort: 1:5
@!@!@ENDMSG 2775 @!@!@
@!@!@STARTMSG 2221:0 @!@!@
  ||||||||||||line 216, col 15 to line 216, col 18 of module bubble_sort: 4
@!@!@ENDMSG 2221 @!@!@
@!@!@STARTMSG 2221:0 @!@!@
  ||||||||||||line 216, col 28 to line 216, col 35 of module bubble_sort: 1
@!@!@ENDMSG 2221 @!@!@
@!@!@STARTMSG 2221:0 @!@!@
  |||||||||||line 218, col 32 to line 218, col 34 of module bubble_sort: 1
@!@!@ENDMSG 2221 @!@!@
@!@!@STARTMSG 2221:0 @!@!@
  |||||||||line 243, col 75 to line 243, col 75 of module bubble_sort: 1
@!@!@ENDMSG 2221 @!@!@
@!@!@STARTMSG 2221:0 @!@!@
  |||||||||line 243, col 78 to line 243, col 84 of module bubble_sort: 1
@!@!@ENDMSG 2221 @!@!@
@!@!@STARTMSG 2221:0 @!@!@
  ||||||||line 243, col 89 to line 243, col 100 of module bubble_sort: 1
@!@!@ENDMSG 2221 @!@!@
@!@!@STARTMSG 2775:0 @!@!@
  |||||||||line 218, col 19 to line 218, col 89 of module bubble_sort: 1:4
@!@!@ENDMSG 2775 @!@!@
@!@!@STARTMSG 2221:0 @!@!@
  ||||||||||line 218, col 26 to line 218, col 35 of module bubble_sort: 1
@!@!@ENDMSG 2221 @!@!@
@!@!@STARTMSG 2775:0 @!@!@
  |||||||||||line 216, col 13 to line 216, col 37 of module bubble_sort: 1:5
@!@!@ENDMSG 2775 @!@!@
@!@!@STARTMSG 2221:0 @!@!@
  ||||||||||||line 216, col 15 to line 216, col 18 of module bubble_sort: 4
@!@!@ENDMSG 2221 @!@!@
@!@!@STARTMSG 2221:0 @!@!@
  ||||||||||||line 216, col 28 to line 216, col 35 of module bubble_sort: 1
@!@!@ENDMSG 2221 @!@!@
@!@!@STARTMSG 2221:0 @!@!@
  |||||||||||line 218, col 32 to line 218, col 34 of module bubble_sort: 1
@!@!@ENDMSG 2221 @!@!@
@!@!@STARTMSG 2221:0 @!@!@
  |||||||||line 243, col 94 to line 243, col 94 of module bubble_sort: 1
@!@!@ENDMSG 2221 @!@!@
@!@!@STARTMSG 2221:0 @!@!@
  |||||||||line 243, col 97 to line 243, col 99 of module bubble_sort: 1
@!@!@ENDMSG 2221 @!@!@
@!@!@STARTMSG 2221:0 @!@!@
  ||||||line 244, col 8 to line 244, col 89 of module bubble_sort: 1
@!@!@ENDMSG 2221 @!@!@
@!@!@STARTMSG 2221:0 @!@!@
  |||line 304, col 8 to line 304, col 23 of module bubble_sort: 30
@!@!@ENDMSG 2221 @!@!@
@!@!@STARTMSG 2221:0 @!@!@
  ||||line 304, col 8 to line 304, col 16 of module bubble_sort: 30
@!@!@ENDMSG 2221 @!@!@
@!@!@STARTMSG 2221:0 @!@!@
  ||||line 304, col 21 to line 304, col 23 of module bubble_sort: 1
@!@!@ENDMSG 2221 @!@!@
@!@!@STARTMSG 2221:0 @!@!@
  |||||line 246, col 5 to line 247, col 98 of module bubble_sort: 1
@!@!@ENDMSG 2221 @!@!@
@!@!@STARTMSG 2221:0 @!@!@
  ||||||line 246, col 8 to line 246, col 100 of module bubble_sort: 1
@!@!@ENDMSG 2221 @!@!@
@!@!@STARTMSG 2221:0 @!@!@
  |||||||line 246, col 8 to line 246, col 65 of module bubble_sort: 1
@!@!@ENDMSG 2221 @!@!@
@!@!@STARTMSG 2221:0 @!@!@
  |||||||line 246, col 70 to line 246, col 100 of module bubble_sort: 1
@!@!@ENDMSG 2221 @!@!@
@!@!@STARTMSG 2221:0 @!@!@
  ||||||||line 246, col 70 to line 246, col 85 of module bubble_sort: 1
@!@!@ENDMSG 2221 @!@!@
@!@!@STARTMSG 2775:0 @!@!@
  |||||||||line 218, col 19 to line 218, col 89 of module bubble_sort: 1:4
@!@!@ENDMSG 2775 @!@!@
@!@!@STARTMSG 2221:0 @!@!@
  ||||||||||line 218, col 26 to line 218, col 35 of module bubble_sort: 1
@!@!@ENDMSG 2221 @!@!@
@!@!@STARTMSG 2775:0 @!@!@
  |||||||||||line 216, col 13 to line 216, col 37 of module bubble_sort: 1:5
@!@!@ENDMSG 2775 @!@!@
@!@!@STARTMSG 2221:0 @!@!@
  ||||||||||||line 216, col 15 to line 216, col 18 of module bubble_sort: 4
@!@!@ENDMSG 2221 @!@!@
@!@!@STARTMSG 2221:0 @!@!@
  ||||||||||||line 216, col 28 to line 216, col 35 of module bubble_sort: 1
@!@!@ENDMSG 2221 @!@!@
@!@!@STARTMSG 2221:0 @!@!@
  |||||||||||line 218, col 32 to line 218, col 34 of module bubble_sort: 1
@!@!@ENDMSG 2221 @!@!@
@!@!@STARTMSG 2221:0 @!@!@
  |||||||||line 246, col 75 to line 246, col 75 of module bubble_sort: 1
@!@!@ENDMSG 2221 @!@!@
@!@!@STARTMSG 2221:0 @!@!@
  |||||||||line 246, col 78 to line 246, col 84 of module bubble_sort: 1
@!@!@ENDMSG 2221 @!@!@
@!@!@STARTMSG 2221:0 @!@!@
  ||||||||line 246, col 89 to line 246, col 100 of module bubble_sort: 1
@!@!@ENDMSG 2221 @!@!@
@!@!@STARTMSG 2775:0 @!@!@
  |||||||||line 218, col 19 to line 218, col 89 of module bubble_sort: 1:4
@!@!@ENDMSG 2775 @!@!@
@!@!@STARTMSG 2221:0 @!@!@
  ||||||||||line 218, col 26 to line 218, col 35 of module bubble_sort: 1
@!@!@ENDMSG 2221 @!@!@
@!@!@STARTMSG 2775:0 @!@!@
  |||||||||||line 216, col 13 to line 216, col 37 of module bubble_sort: 1:5
@!@!@ENDMSG 2775 @!@!@
@!@!@STARTMSG 2221:0 @!@!@
  ||||||||||||line 216, col 15 to line 216, col 18 of module bubble_sort: 4
@!@!@ENDMSG 2221 @!@!@
@!@!@STARTMSG 2221:0 @!@!@
  ||||||||||||line 216, col 28 to line 216, col 35 of module bubble_sort: 1
@!@!@ENDMSG 2221 @!@!@
@!@!@STARTMSG 2221:0 @!@!@
  |||||||||||line 218, col 32 to line 218, col 34 of module bubble_sort: 1
@!@!@ENDMSG 2221 @!@!@
@!@!@STARTMSG 2221:0 @!@!@
  |||||||||line 246, col 94 to line 246, col 94 of module bubble_sort: 1
@!@!@ENDMSG 2221 @!@!@
@!@!@STARTMSG 2221:0 @!@!@
  |||||||||line 246, col 97 to line 246, col 99 of module bubble_sort: 1
@!@!@ENDMSG 2221 @!@!@
@!@!@STARTMSG 2221:0 @!@!@
  ||||||line 247, col 8 to line 247, col 98 of module bubble_sort: 1
@!@!@ENDMSG 2221 @!@!@
@!@!@STARTMSG 2221:0 @!@!@
  |||line 305, col 8 to line 305, col 23 of module bubble_sort: 30
@!@!@ENDMSG 2221 @!@!@
@!@!@STARTMSG 2221:0 @!@!@
  ||||line 305, col 8 to line 305, col 16 of module bubble_sort: 30
@!@!@ENDMSG 2221 @!@!@
@!@!@STARTMSG 2221:0 @!@!@
  ||||line 305, col 21 to line 305, col 23 of module bubble_sort: 1
@!@!@ENDMSG 2221 @!@!@
@!@!@STARTMSG 2221:0 @!@!@
  |||||line 249, col 5 to line 251, col 82 of module bubble_sort: 1
@!@!@ENDMSG 2221 @!@!@
@!@!@STARTMSG 2221:0 @!@!@
  ||||||line 249, col 8 to line 249, col 100 of module bubble_sort: 1
@!@!@ENDMSG 2221 @!@!@
@!@!@STARTMSG 2221:0 @!@!@
  |||||||line 249, col 8 to line 249, col 65 of module bubble_sort: 1
@!@!@ENDMSG 2221 @!@!@
@!@!@STARTMSG 2221:0 @!@!@
  |||||||line 249, col 70 to line 249, col 100 of module bubble_sort: 1
@!@!@ENDMSG 2221 @!@!@
@!@!@STARTMSG 2221:0 @!@!@
  ||||||||line 249, col 70 to line 249, col 85 of module bubble_sort: 1
@!@!@ENDMSG 2221 @!@!@
@!@!@STARTMSG 2775:0 @!@!@
  |||||||||line 218, col 19 to line 218, col 89 of module bubble_sort: 1:4
@!@!@ENDMSG 2775 @!@!@
@!@!@STARTMSG 2221:0 @!@!@
  ||||||||||line 218, col 26 to line 218, col 35 of module bubble_sort: 1
@!@!@ENDMSG 2221 @!@!@
@!@!@STARTMSG 2775:0 @!@!@
  |||||||||||line 216, col 13 to line 216, col 37 of module bubble_sort: 1:5
@!@!@ENDMSG 2775 @!@!@
@!@!@STARTMSG 2221:0 @!@!@
  ||||||||||||line 216, col 15 to line 216, col 18 of module bubble_sort: 4
@!@!@ENDMSG 2221 @!@!@
@!@!@STARTMSG 2221:0 @!@!@
  ||||||||||||line 216, col 28 to line 216, col 35 of module bubble_sort: 1
@!@!@ENDMSG 2221 @!@!@
@!@!@STARTMSG 2221:0 @!@!@
  |||||||||||line 218, col 32 to line 218, col 34 of module bubble_sort: 1
@!@!@ENDMSG 2221 @!@!@
@!@!@STARTMSG 2221:0 @!@!@
  |||||||||line 249, col 75 to line 249, col 75 of module bubble_sort: 1
@!@!@ENDMSG 2221 @!@!@
@!@!@STARTMSG 2221:0 @!@!@
  |||||||||line 249, col 78 to line 249, col 84 of module bubble_sort: 1
@!@!@ENDMSG 2221 @!@!@
@!@!@STARTMSG 2221:0 @!@!@
  ||||||||line 249, col 89 to line 249, col 100 of module bubble_sort: 1
@!@!@ENDMSG 2221 @!@!@
@!@!@STARTMSG 2775:0 @!@!@
  |||||||||line 218, col 19 to line 218, col 89 of module bubble_sort: 1:4
@!@!@ENDMSG 2775 @!@!@
@!@!@STARTMSG 2221:0 @!@!@
  ||||||||||line 218, col 26 to line 218, col 35 of module bubble_sort: 1
@!@!@ENDMSG 2221 @!@!@
@!@!@STARTMSG 2775:0 @!@!@
  |||||||||||line 216, col 13 to line 216, col 37 of module bubble_sort: 1:5
@!@!@ENDMSG 2775 @!@!@
@!@!@STARTMSG 2221:0 @!@!@
  ||||||||||||line 216, col 15 to line 216, col 18 of module bubble_sort: 4
@!@!@ENDMSG 2221 @!@!@
@!@!@STARTMSG 2221:0 @!@!@
  ||||||||||||line 216, col 28 to line 216, col 35 of module bubble_sort: 1
@!@!@ENDMSG 2221 @!@!@
@!@!@STARTMSG 2221:0 @!@!@
  |||||||||||line 218, col 32 to line 218, col 34 of module bubble_sort: 1
@!@!@ENDMSG 2221 @!@!@
@!@!@STARTMSG 2221:0 @!@!@
  |||||||||line 249, col 94 to line 249, col 94 of module bubble_sort: 1
@!@!@ENDMSG 2221 @!@!@
@!@!@STARTMSG 2221:0 @!@!@
  |||||||||line 249, col 97 to line 249, col 99 of module bubble_sort: 1
@!@!@ENDMSG 2221 @!@!@
@!@!@STARTMSG 2221:0 @!@!@
  ||||||line 250, col 8 to line 250, col 89 of module bubble_sort: 1
@!@!@ENDMSG 2221 @!@!@
@!@!@STARTMSG 2221:0 @!@!@
  ||||||line 251, col 8 to line 251, col 82 of module bubble_sort: 1
@!@!@ENDMSG 2221 @!@!@
@!@!@STARTMSG 2221:0 @!@!@
  |||line 306, col 8 to line 306, col 25 of module bubble_sort: 30
@!@!@ENDMSG 2221 @!@!@
@!@!@STARTMSG 2221:0 @!@!@
  ||||line 306, col 8 to line 306, col 17 of module bubble_sort: 30
@!@!@ENDMSG 2221 @!@!@
@!@!@STARTMSG 2221:0 @!@!@
  ||||line 306, col 22 to line 306, col 25 of module bubble_sort: 1
@!@!@ENDMSG 2221 @!@!@
@!@!@STARTMSG 2221:0 @!@!@
  |||||line 253, col 5 to line 256, col 34 of module bubble_sort: 1
@!@!@ENDMSG 2221 @!@!@
@!@!@STARTMSG 2221:0 @!@!@
  ||||||line 253, col 8 to line 253, col 100 of module bubble_sort: 1
@!@!@ENDMSG 2221 @!@!@
@!@!@STARTMSG 2221:0 @!@!@
  |||||||line 253, col 8 to line 253, col 65 of module bubble_sort: 1
@!@!@ENDMSG 2221 @!@!@
@!@!@STARTMSG 2221:0 @!@!@
  |||||||line 253, col 70 to line 253, col 100 of module bubble_sort: 1
@!@!@ENDMSG 2221 @!@!@
@!@!@STARTMSG 2221:0 @!@!@
  ||||||||line 253, col 70 to line 253, col 85 of module bubble_sort: 1
@!@!@ENDMSG 2221 @!@!@
@!@!@STARTMSG 2775:0 @!@!@
  |||||||||line 218, col 19 to line 218, col 89 of module bubble_sort: 1:4
@!@!@ENDMSG 2775 @!@!@
@!@!@STARTMSG 2221:0 @!@!@
  ||||||||||line 218, col 26 to line 218, col 35 of module bubble_sort: 1
@!@!@ENDMSG 2221 @!@!@
@!@!@STARTMSG 2775:0 @!@!@
  |||||||||||line 216, col 13 to line 216, col 37 of module bubble_sort: 1:5
@!@!@ENDMSG 2775 @!@!@
@!@!@STARTMSG 2221:0 @!@!@
  ||||||||||||line 216, col 15 to line 216, col 18 of module bubble_sort: 4
@!@!@ENDMSG 2221 @!@!@
@!@!@STARTMSG 2221:0 @!@!@
  ||||||||||||line 216, col 28 to line 216, col 35 of module bubble_sort: 1
@!@!@ENDMSG 2221 @!@!@
@!@!@STARTMSG 2221:0 @!@!@
  |||||||||||line 218, col 32 to line 218, col 34 of module bubble_sort: 1
@!@!@ENDMSG 2221 @!@!@
@!@!@STARTMSG 2221:0 @!@!@
  |||||||||line 253, col 75 to line 253, col 75 of module bubble_sort: 1
@!@!@ENDMSG 2221 @!@!@
@!@!@STARTMSG 2221:0 @!@!@
  |||||||||line 253, col 78 to line 253, col 84 of module bubble_sort: 1
@!@!@ENDMSG 2221 @!@!@
@!@!@STARTMSG 2221:0 @!@!@
  ||||||||line 253, col 89 to line 253, col 100 of module bubble_sort: 1
@!@!@ENDMSG 2221 @!@!@
@!@!@STARTMSG 2775:0 @!@!@
  |||||||||line 218, col 19 to line 218, col 89 of module bubble_sort: 1:4
@!@!@ENDMSG 2775 @!@!@
@!@!@STARTMSG 2221:0 @!@!@
  ||||||||||line 218, col 26 to line 218, col 35 of module bubble_sort: 1
@!@!@ENDMSG 2221 @!@!@
@!@!@STARTMSG 2775:0 @!@!@
  |||||||||||line 216, col 13 to line 216, col 37 of module bubble_sort: 1:5
@!@!@ENDMSG 2775 @!@!@
@!@!@STARTMSG 2221:0 @!@!@
  ||||||||||||line 216, col 15 to line 216, col 18 of module bubble_sort: 4
@!@!@ENDMSG 2221 @!@!@
@!@!@STARTMSG 2221:0 @!@!@
  ||||||||||||line 216, col 28 to line 216, col 35 of module bubble_sort: 1
@!@!@ENDMSG 2221 @!@!@
@!@!@STARTMSG 2221:0 @!@!@
  |||||||||||line 218, col 32 to line 218, col 34 of module bubble_sort: 1
@!@!@ENDMSG 2221 @!@!@
@!@!@STARTMSG 2221:0 @!@!@
  |||||||||line 253, col 94 to line 253, col 94 of module bubble_sort: 1
@!@!@ENDMSG 2221 @!@!@
@!@!@STARTMSG 2221:0 @!@!@
  |||||||||line 253, col 97 to line 253, col 99 of module bubble_sort: 1
@!@!@ENDMSG 2221 @!@!@
@!@!@STARTMSG 2221:0 @!@!@
  ||||||line 254, col 8 to line 254, col 89 of module bubble_sort: 1
@!@!@ENDMSG 2221 @!@!@
@!@!@STARTMSG 2221:0 @!@!@
  ||||||line 255, col 8 to line 255, col 82 of module bubble_sort: 1
@!@!@ENDMSG 2221 @!@!@
@!@!@STARTMSG 2221:0 @!@!@
  ||||||line 256, col 8 to line 256, col 34 of module bubble_sort: 1
@!@!@ENDMSG 2221 @!@!@
@!@!@STARTMSG 2221:0 @!@!@
  |||line 307, col 8 to line 307, col 25 of module bubble_sort: 30
@!@!@ENDMSG 2221 @!@!@
@!@!@STARTMSG 2221:0 @!@!@
  ||||line 307, col 8 to line 307, col 17 of module bubble_sort: 30
@!@!@ENDMSG 2221 @!@!@
@!@!@STARTMSG 2221:0 @!@!@
  ||||line 307, col 22 to line 307, col 25 of module bubble_sort: 1
@!@!@ENDMSG 2221 @!@!@
@!@!@STARTMSG 2221:0 @!@!@
  |||||line 258, col 5 to line 261, col 80 of module bubble_sort: 1
@!@!@ENDMSG 2221 @!@!@
@!@!@STARTMSG 2221:0 @!@!@
  ||||||line 258, col 8 to line 258, col 100 of module bubble_sort: 1
@!@!@ENDMSG 2221 @!@!@
@!@!@STARTMSG 2221:0 @!@!@
  |||||||line 258, col 8 to line 258, col 65 of module bubble_sort: 1
@!@!@ENDMSG 2221 @!@!@
@!@!@STARTMSG 2221:0 @!@!@
  |||||||line 258, col 70 to line 258, col 100 of module bubble_sort: 1
@!@!@ENDMSG 2221 @!@!@
@!@!@STARTMSG 2221:0 @!@!@
  ||||||||line 258, col 70 to line 258, col 85 of module bubble_sort: 1
@!@!@ENDMSG 2221 @!@!@
@!@!@STARTMSG 2775:0 @!@!@
  |||||||||line 218, col 19 to line 218, col 89 of module bubble_sort: 1:4
@!@!@ENDMSG 2775 @!@!@
@!@!@STARTMSG 2221:0 @!@!@
  ||||||||||line 218, col 26 to line 218, col 35 of module bubble_sort: 1
@!@!@ENDMSG 2221 @!@!@
@!@!@STARTMSG 2775:0 @!@!@
  |||||||||||line 216, col 13 to line 216, col 37 of module bubble_sort: 1:5
@!@!@ENDMSG 2775 @!@!@
@!@!@STARTMSG 2221:0 @!@!@
  ||||||||||||line 216, col 15 to line 216, col 18 of module bubble_sort: 4
@!@!@ENDMSG 2221 @!@!@
@!@!@STARTMSG 2221:0 @!@!@
  ||||||||||||line 216, col 28 to line 216, col 35 of module bubble_sort: 1
@!@!@ENDMSG 2221 @!@!@
@!@!@STARTMSG 2221:0 @!@!@
  |||||||||||line 218, col 32 to line 218, col 34 of module bubble_sort: 1
@!@!@ENDMSG 2221 @!@!@
@!@!@STARTMSG 2221:0 @!@!@
  |||||||||line 258, col 75 to line 258, col 75 of module bubble_sort: 1
@!@!@ENDMSG 2221 @!@!@
@!@!@STARTMSG 2221:0 @!@!@
  |||||||||line 258, col 78 to line 258, col 84 of module bubble_sort: 1
@!@!@ENDMSG 2221 @!@!@
@!@!@STARTMSG 2221:0 @!@!@
  ||||||||line 258, col 89 to line 258, col 100 of module bubble_sort: 1
@!@!@ENDMSG 2221 @!@!@
@!@!@STARTMSG 2775:0 @!@!@
  |||||||||line 218, col 19 to line 218, col 89 of module bubble_sort: 1:4
@!@!@ENDMSG 2775 @!@!@
@!@!@STARTMSG 2221:0 @!@!@
  ||||||||||line 218, col 26 to line 218, col 35 of module bubble_sort: 1
@!@!@ENDMSG 2221 @!@!@
@!@!@STARTMSG 2775:0 @!@!@
  |||||||||||line 216, col 13 to line 216, col 37 of module bubble_sort: 1:5
@!@!@ENDMSG 2775 @!@!@
@!@!@STARTMSG 2221:0 @!@!@
  ||||||||||||line 216, col 15 to line 216, col 18 of module bubble_sort: 4
@!@!@ENDMSG 2221 @!@!@
@!@!@STARTMSG 2221:0 @!@!@
  ||||||||||||line 216, col 28 to line 216, col 35 of module bubble_sort: 1
@!@!@ENDMSG 2221 @!@!@
@!@!@STARTMSG 2221:0 @!@!@
  |||||||||||line 218, col 32 to line 218, col 34 of module bubble_sort: 1
@!@!@ENDMSG 2221 @!@!@
@!@!@STARTMSG 2221:0 @!@!@
  |||||||||line 258, col 94 to line 258, col 94 of module bubble_sort: 1
@!@!@ENDMSG 2221 @!@!@
@!@!@STARTMSG 2221:0 @!@!@
  |||||||||line 258, col 97 to line 258, col 99 of module bubble_sort: 1
@!@!@ENDMSG 2221 @!@!@
@!@!@STARTMSG 2221:0 @!@!@
  ||||||line 259, col 8 to line 259, col 113 of module bubble_sort: 1
@!@!@ENDMSG 2221 @!@!@
@!@!@STARTMSG 2221:0 @!@!@
  ||||||line 260, col 8 to line 260, col 82 of module bubble_sort: 1
@!@!@ENDMSG 2221 @!@!@
@!@!@STARTMSG 2221:0 @!@!@
  ||||||line 261, col 8 to line 261, col 80 of module bubble_sort: 1
@!@!@ENDMSG 2221 @!@!@
@!@!@STARTMSG 2221:0 @!@!@
  |||line 308, col 8 to line 308, col 25 of module bubble_sort: 30
@!@!@ENDMSG 2221 @!@!@
@!@!@STARTMSG 2221:0 @!@!@
  ||||line 308, col 8 to line 308, col 17 of module bubble_sort: 30
@!@!@ENDMSG 2221 @!@!@
@!@!@STARTMSG 2221:0 @!@!@
  ||||line 308, col 22 to line 308, col 25 of module bubble_sort: 1
@!@!@ENDMSG 2221 @!@!@
@!@!@STARTMSG 2221:0 @!@!@
  |||||line 263, col 5 to line 266, col 80 of module bubble_sort: 1
@!@!@ENDMSG 2221 @!@!@
@!@!@STARTMSG 2221:0 @!@!@
  ||||||line 263, col 8 to line 263, col 65 of module bubble_sort: 1
@!@!@ENDMSG 2221 @!@!@
@!@!@STARTMSG 2221:0 @!@!@
  ||||||line 264, col 8 to line 264, col 96 of module bubble_sort: 1
@!@!@ENDMSG 2221 @!@!@
@!@!@STARTMSG 2221:0 @!@!@
  |||||||line 264, col 8 to line 264, col 23 of module bubble_sort: 1
@!@!@ENDMSG 2221 @!@!@
@!@!@STARTMSG 2775:0 @!@!@
  ||||||||line 218, col 19 to line 218, col 89 of module bubble_sort: 1:4
@!@!@ENDMSG 2775 @!@!@
@!@!@STARTMSG 2221:0 @!@!@
  |||||||||line 218, col 26 to line 218, col 35 of module bubble_sort: 1
@!@!@ENDMSG 2221 @!@!@
@!@!@STARTMSG 2775:0 @!@!@
  ||||||||||line 216, col 13 to line 216, col 37 of module bubble_sort: 1:5
@!@!@ENDMSG 2775 @!@!@
@!@!@STARTMSG 2221:0 @!@!@
  |||||||||||line 216, col 15 to line 216, col 18 of module bubble_sort: 4
@!@!@ENDMSG 2221 @!@!@
@!@!@STARTMSG 2221:0 @!@!@
  |||||||||||line 216, col 28 to line 216, col 35 of module bubble_sort: 1
@!@!@ENDMSG 2221 @!@!@
@!@!@STARTMSG 2221:0 @!@!@
  ||||||||||line 218, col 32 to line 218, col 34 of module bubble_sort: 1
@!@!@ENDMSG 2221 @!@!@
@!@!@STARTMSG 2221:0 @!@!@
  ||||||||line 264, col 13 to line 264, col 13 of module bubble_sort: 1
@!@!@ENDMSG 2221 @!@!@
@!@!@STARTMSG 2221:0 @!@!@
  ||||||||line 264, col 16 to line 264, col 22 of module bubble_sort: 1
@!@!@ENDMSG 2221 @!@!@
@!@!@STARTMSG 2221:0 @!@!@
  |||||||line 264, col 27 to line 264, col 96 of module bubble_sort: 1
@!@!@ENDMSG 2221 @!@!@
@!@!@STARTMSG 2775:0 @!@!@
  ||||||||line 219, col 23 to line 219, col 66 of module bubble_sort: 1:4
@!@!@ENDMSG 2775 @!@!@
@!@!@STARTMSG 2221:0 @!@!@
  |||||||||line 219, col 30 to line 219, col 39 of module bubble_sort: 1
@!@!@ENDMSG 2221 @!@!@
@!@!@STARTMSG 2775:0 @!@!@
  ||||||||||line 216, col 13 to line 216, col 37 of module bubble_sort: 1:5
@!@!@ENDMSG 2775 @!@!@
@!@!@STARTMSG 2221:0 @!@!@
  |||||||||||line 216, col 15 to line 216, col 18 of module bubble_sort: 4
@!@!@ENDMSG 2221 @!@!@
@!@!@STARTMSG 2221:0 @!@!@
  |||||||||||line 216, col 28 to line 216, col 35 of module bubble_sort: 1
@!@!@ENDMSG 2221 @!@!@
@!@!@STARTMSG 2221:0 @!@!@
  ||||||||||line 219, col 36 to line 219, col 38 of module bubble_sort: 1
@!@!@ENDMSG 2221 @!@!@
@!@!@STARTMSG 2221:0 @!@!@
  ||||||||line 264, col 34 to line 264, col 45 of module bubble_sort: 1
@!@!@ENDMSG 2221 @!@!@
@!@!@STARTMSG 2221:0 @!@!@
  |||||||||line 218, col 19 to line 218, col 89 of module bubble_sort: 1
@!@!@ENDMSG 2221 @!@!@
@!@!@STARTMSG 2221:0 @!@!@
  ||||||||||line 218, col 26 to line 218, col 35 of module bubble_sort: 1
@!@!@ENDMSG 2221 @!@!@
@!@!@STARTMSG 2221:0 @!@!@
  |||||||||||line 216, col 13 to line 216, col 37 of module bubble_sort: 1
@!@!@ENDMSG 2221 @!@!@
@!@!@STARTMSG 2221:0 @!@!@
  ||||||||||||line 216, col 15 to line 216, col 18 of module bubble_sort: 4
@!@!@ENDMSG 2221 @!@!@
@!@!@STARTMSG 2221:0 @!@!@
  ||||||||||||line 216, col 28 to line 216, col 35 of module bubble_sort: 1
@!@!@ENDMSG 2221 @!@!@
@!@!@STARTMSG 2221:0 @!@!@
  |||||||||||line 218, col 32 to line 218, col 34 of module bubble_sort: 1
@!@!@ENDMSG 2221 @!@!@
@!@!@STARTMSG 2221:0 @!@!@
  |||||||||line 264, col 39 to line 264, col 39 of module bubble_sort: 1
@!@!@ENDMSG 2221 @!@!@
@!@!@STARTMSG 2221:0 @!@!@
  |||||||||line 264, col 42 to line 264, col 44 of module bubble_sort: 1
@!@!@ENDMSG 2221 @!@!@
@!@!@STARTMSG 2221:0 @!@!@
  ||||||||line 264, col 48 to line 264, col 75 of module bubble_sort: 1
@!@!@ENDMSG 2221 @!@!@
@!@!@STARTMSG 2221:0 @!@!@
  |||||||||line 217, col 16 to line 217, col 63 of module bubble_sort: 1
@!@!@ENDMSG 2221 @!@!@
@!@!@STARTMSG 2221:0 @!@!@
  ||||||||||line 217, col 23 to line 217, col 32 of module bubble_sort: 1
@!@!@ENDMSG 2221 @!@!@
@!@!@STARTMSG 2221:0 @!@!@
  |||||||||||line 216, col 13 to line 216, col 37 of module bubble_sort: 1
@!@!@ENDMSG 2221 @!@!@
@!@!@STARTMSG 2221:0 @!@!@
  ||||||||||||line 216, col 15 to line 216, col 18 of module bubble_sort: 4
@!@!@ENDMSG 2221 @!@!@
@!@!@STARTMSG 2221:0 @!@!@
  ||||||||||||line 216, col 28 to line 216, col 35 of module bubble_sort: 1
@!@!@ENDMSG 2221 @!@!@
@!@!@STARTMSG 2221:0 @!@!@
  |||||||||||line 217, col 29 to line 217, col 31 of module bubble_sort: 1
@!@!@ENDMSG 2221 @!@!@
@!@!@STARTMSG 2221:0 @!@!@
  |||||||||line 264, col 57 to line 264, col 74 of module bubble_sort: 1
@!@!@ENDMSG 2221 @!@!@
@!@!@STARTMSG 2221:0 @!@!@
  ||||||||line 264, col 78 to line 264, col 95 of module bubble_sort: 1
@!@!@ENDMSG 2221 @!@!@
@!@!@STARTMSG 2221:0 @!@!@
  |||||||||line 217, col 16 to line 217, col 63 of module bubble_sort: 1
@!@!@ENDMSG 2221 @!@!@
@!@!@STARTMSG 2221:0 @!@!@
  ||||||||||line 217, col 23 to line 217, col 32 of module bubble_sort: 1
@!@!@ENDMSG 2221 @!@!@
@!@!@STARTMSG 2221:0 @!@!@
  |||||||||||line 216, col 13 to line 216, col 37 of module bubble_sort: 1
@!@!@ENDMSG 2221 @!@!@
@!@!@STARTMSG 2221:0 @!@!@
  ||||||||||||line 216, col 15 to line 216, col 18 of module bubble_sort: 4
@!@!@ENDMSG 2221 @!@!@
@!@!@STARTMSG 2221:0 @!@!@
  ||||||||||||line 216, col 28 to line 216, col 35 of module bubble_sort: 1
@!@!@ENDMSG 2221 @!@!@
@!@!@STARTMSG 2221:0 @!@!@
  |||||||||||line 217, col 29 to line 217, col 31 of module bubble_sort: 1
@!@!@ENDMSG 2221 @!@!@
@!@!@STARTMSG 2221:0 @!@!@
  |||||||||line 264, col 87 to line 264, col 94 of module bubble_sort: 1
@!@!@ENDMSG 2221 @!@!@
@!@!@STARTMSG 2221:0 @!@!@
  ||||||line 265, col 8 to line 265, col 113 of module bubble_sort: 1
@!@!@ENDMSG 2221 @!@!@
@!@!@STARTMSG 2221:0 @!@!@
  ||||||line 266, col 8 to line 266, col 80 of module bubble_sort: 1
@!@!@ENDMSG 2221 @!@!@
@!@!@STARTMSG 2221:0 @!@!@
  |||||||line 266, col 8 to line 266, col 28 of module bubble_sort: 1
@!@!@ENDMSG 2221 @!@!@
@!@!@STARTMSG 2221:0 @!@!@
  |||||||line 266, col 33 to line 266, col 80 of module bubble_sort: 1
@!@!@ENDMSG 2221 @!@!@
@!@!@STARTMSG 2221:0 @!@!@
  ||||||||line 220, col 14 to line 220, col 33 of module bubble_sort: 1
@!@!@ENDMSG 2221 @!@!@
@!@!@STARTMSG 2775:0 @!@!@
  ||||||||line 266, col 40 to line 266, col 79 of module bubble_sort: 1:2
@!@!@ENDMSG 2775 @!@!@
@!@!@STARTMSG 2221:0 @!@!@
  |||||||||line 266, col 42 to line 266, col 61 of module bubble_sort: 2
@!@!@ENDMSG 2221 @!@!@
@!@!@STARTMSG 2221:0 @!@!@
  |||||||||line 266, col 71 to line 266, col 78 of module bubble_sort: 1
@!@!@ENDMSG 2221 @!@!@
@!@!@STARTMSG 2221:0 @!@!@
  |||line 309, col 8 to line 309, col 25 of module bubble_sort: 30
@!@!@ENDMSG 2221 @!@!@
@!@!@STARTMSG 2221:0 @!@!@
  ||||line 309, col 8 to line 309, col 17 of module bubble_sort: 30
@!@!@ENDMSG 2221 @!@!@
@!@!@STARTMSG 2221:0 @!@!@
  ||||line 309, col 22 to line 309, col 25 of module bubble_sort: 1
@!@!@ENDMSG 2221 @!@!@
@!@!@STARTMSG 2221:0 @!@!@
  |||||line 268, col 5 to line 270, col 86 of module bubble_sort: 1
@!@!@ENDMSG 2221 @!@!@
@!@!@STARTMSG 2221:0 @!@!@
  ||||||line 268, col 8 to line 268, col 100 of module bubble_sort: 1
@!@!@ENDMSG 2221 @!@!@
@!@!@STARTMSG 2221:0 @!@!@
  |||||||line 268, col 8 to line 268, col 65 of module bubble_sort: 1
@!@!@ENDMSG 2221 @!@!@
@!@!@STARTMSG 2221:0 @!@!@
  |||||||line 268, col 70 to line 268, col 100 of module bubble_sort: 1
@!@!@ENDMSG 2221 @!@!@
@!@!@STARTMSG 2221:0 @!@!@
  ||||||||line 268, col 70 to line 268, col 85 of module bubble_sort: 1
@!@!@ENDMSG 2221 @!@!@
@!@!@STARTMSG 2775:0 @!@!@
  |||||||||line 218, col 19 to line 218, col 89 of module bubble_sort: 1:4
@!@!@ENDMSG 2775 @!@!@
@!@!@STARTMSG 2221:0 @!@!@
  ||||||||||line 218, col 26 to line 218, col 35 of module bubble_sort: 1
@!@!@ENDMSG 2221 @!@!@
@!@!@STARTMSG 2775:0 @!@!@
  |||||||||||line 216, col 13 to line 216, col 37 of module bubble_sort: 1:5
@!@!@ENDMSG 2775 @!@!@
@!@!@STARTMSG 2221:0 @!@!@
  ||||||||||||line 216, col 15 to line 216, col 18 of module bubble_sort: 4
@!@!@ENDMSG 2221 @!@!@
@!@!@STARTMSG 2221:0 @!@!@
  ||||||||||||line 216, col 28 to line 216, col 35 of module bubble_sort: 1
@!@!@ENDMSG 2221 @!@!@
@!@!@STARTMSG 2221:0 @!@!@
  |||||||||||line 218, col 32 to line 218, col 34 of module bubble_sort: 1
@!@!@ENDMSG 2221 @!@!@
@!@!@STARTMSG 2221:0 @!@!@
  |||||||||line 268, col 75 to line 268, col 75 of module bubble_sort: 1
@!@!@ENDMSG 2221 @!@!@
@!@!@STARTMSG 2221:0 @!@!@
  |||||||||line 268, col 78 to line 268, col 84 of module bubble_sort: 1
@!@!@ENDMSG 2221 @!@!@
@!@!@STARTMSG 2221:0 @!@!@
  ||||||||line 268, col 89 to line 268, col 100 of module bubble_sort: 1
@!@!@ENDMSG 2221 @!@!@
@!@!@STARTMSG 2775:0 @!@!@
  |||||||||line 218, col 19 to line 218, col 89 of module bubble_sort: 1:4
@!@!@ENDMSG 2775 @!@!@
@!@!@STARTMSG 2221:0 @!@!@
  ||||||||||line 218, col 26 to line 218, col 35 of module bubble_sort: 1
@!@!@ENDMSG 2221 @!@!@
@!@!@STARTMSG 2775:0 @!@!@
  |||||||||||line 216, col 13 to line 216, col 37 of module bubble_sort: 1:5
@!@!@ENDMSG 2775 @!@!@
@!@!@STARTMSG 2221:0 @!@!@
  ||||||||||||line 216, col 15 to line 216, col 18 of module bubble_sort: 4
@!@!@ENDMSG 2221 @!@!@
@!@!@STARTMSG 2221:0 @!@!@
  ||||||||||||line 216, col 28 to line 216, col 35 of module bubble_sort: 1
@!@!@ENDMSG 2221 @!@!@
@!@!@STARTMSG 2221:0 @!@!@
  |||||||||||line 218, col 32 to line 218, col 34 of module bubble_sort: 1
@!@!@ENDMSG 2221 @!@!@
@!@!@STARTMSG 2221:0 @!@!@
  |||||||||line 268, col 94 to line 268, col 94 of module bubble_sort: 1
@!@!@ENDMSG 2221 @!@!@
@!@!@STARTMSG 2221:0 @!@!@
  |||||||||line 268, col 97 to line 268, col 99 of module bubble_sort: 1
@!@!@ENDMSG 2221 @!@!@
@!@!@STARTMSG 2221:0 @!@!@
  ||||||line 269, col 8 to line 269, col 89 of module bubble_sort: 1
@!@!@ENDMSG 2221 @!@!@
@!@!@STARTMSG 2221:0 @!@!@
  ||||||line 270, col 8 to line 270, col 86 of module bubble_sort: 1
@!@!@ENDMSG 2221 @!@!@
@!@!@STARTMSG 2221:0 @!@!@
  |||||||line 270, col 8 to line 270, col 28 of module bubble_sort: 1
@!@!@ENDMSG 2221 @!@!@
@!@!@STARTMSG 2221:0 @!@!@
  |||||||line 270, col 33 to line 270, col 86 of module bubble_sort: 1
@!@!@ENDMSG 2221 @!@!@
@!@!@STARTMSG 2221:0 @!@!@
  ||||||||line 220, col 14 to line 220, col 33 of module bubble_sort: 1
@!@!@ENDMSG 2221 @!@!@
@!@!@STARTMSG 2775:0 @!@!@
  ||||||||line 270, col 40 to line 270, col 85 of module bubble_sort: 1:1
@!@!@ENDMSG 2775 @!@!@
@!@!@STARTMSG 2221:0 @!@!@
  |||||||||line 270, col 42 to line 270, col 67 of module bubble_sort: 2
@!@!@ENDMSG 2221 @!@!@
@!@!@STARTMSG 2221:0 @!@!@
  |||||||||line 270, col 77 to line 270, col 84 of module bubble_sort: 1
@!@!@ENDMSG 2221 @!@!@
@!@!@STARTMSG 2221:0 @!@!@
  |||line 310, col 8 to line 310, col 25 of module bubble_sort: 29
@!@!@ENDMSG 2221 @!@!@
@!@!@STARTMSG 2221:0 @!@!@
  |||line 311, col 8 to line 311, col 25 of module bubble_sort: 29
@!@!@ENDMSG 2221 @!@!@
@!@!@STARTMSG 2221:0 @!@!@
  |||line 312, col 8 to line 312, col 25 of module bubble_sort: 29
@!@!@ENDMSG 2221 @!@!@
@!@!@STARTMSG 2221:0 @!@!@
  |||line 313, col 8 to line 313, col 25 of module bubble_sort: 29
@!@!@ENDMSG 2221 @!@!@
@!@!@STARTMSG 2221:0 @!@!@
  |||line 314, col 8 to line 314, col 25 of module bubble_sort: 29
@!@!@ENDMSG 2221 @!@!@
@!@!@STARTMSG 2221:0 @!@!@
  |||line 315, col 8 to line 315, col 25 of module bubble_sort: 29
@!@!@ENDMSG 2221 @!@!@
@!@!@STARTMSG 2202:0 @!@!@
End of statistics.
@!@!@ENDMSG 2202 @!@!@
@!@!@STARTMSG 2200:0 @!@!@
Progress(30) at 2020-04-29 21:10:29: 30 states generated (569 s/min), 30 distinct states found (569 ds/min), 0 states left on queue.
@!@!@ENDMSG 2200 @!@!@
@!@!@STARTMSG 2199:0 @!@!@
30 states generated, 30 distinct states found, 0 states left on queue.
@!@!@ENDMSG 2199 @!@!@
@!@!@STARTMSG 2194:0 @!@!@
The depth of the complete state graph search is 30.
@!@!@ENDMSG 2194 @!@!@
@!@!@STARTMSG 2268:0 @!@!@
The average outdegree of the complete state graph is 1 (minimum is 1, the maximum 1 and the 95th percentile is 1).
@!@!@ENDMSG 2268 @!@!@
@!@!@STARTMSG 2186:0 @!@!@
Finished in 3177ms at (2020-04-29 21:10:29)
@!@!@ENDMSG 2186 @!@!@
